ARM GAS  C:\Users\Jack\AppData\Local\Temp\ccnbjR7P.s 			page 1


   1              		.syntax unified
   2              		.cpu cortex-m0
   3              		.fpu softvfp
   4              		.eabi_attribute 20, 1
   5              		.eabi_attribute 21, 1
   6              		.eabi_attribute 23, 3
   7              		.eabi_attribute 24, 1
   8              		.eabi_attribute 25, 1
   9              		.eabi_attribute 26, 1
  10              		.eabi_attribute 30, 6
  11              		.eabi_attribute 34, 0
  12              		.eabi_attribute 18, 4
  13              		.thumb
  14              		.syntax unified
  15              		.file	"BLE_custom.c"
  16              		.text
  17              	.Ltext0:
  18              		.cfi_sections	.debug_frame
  19              		.global	cyBle_customs
  20              		.section	.rodata
  21              		.align	2
  22              		.type	cyBle_customs, %object
  23              		.size	cyBle_customs, 16
  24              	cyBle_customs:
  25 0000 0C00     		.short	12
  26 0002 0E00     		.short	14
  27 0004 0F00     		.short	15
  28 0006 1000     		.short	16
  29 0008 1100     		.short	17
  30 000a 1300     		.short	19
  31 000c 1400     		.short	20
  32 000e 1500     		.short	21
  33              		.section	.text.CyBle_CustomInit,"ax",%progbits
  34              		.align	2
  35              		.global	CyBle_CustomInit
  36              		.code	16
  37              		.thumb_func
  38              		.type	CyBle_CustomInit, %function
  39              	CyBle_CustomInit:
  40              	.LFB2:
  41              		.file 1 "Generated_Source\\PSoC4\\BLE_custom.c"
   1:Generated_Source\PSoC4/BLE_custom.c **** /***************************************************************************//**
   2:Generated_Source\PSoC4/BLE_custom.c **** * \file CYBLE_custom.c
   3:Generated_Source\PSoC4/BLE_custom.c **** * \version 3.50
   4:Generated_Source\PSoC4/BLE_custom.c **** * 
   5:Generated_Source\PSoC4/BLE_custom.c **** * \brief
   6:Generated_Source\PSoC4/BLE_custom.c **** *  Contains the source code for the Custom Service.
   7:Generated_Source\PSoC4/BLE_custom.c **** * 
   8:Generated_Source\PSoC4/BLE_custom.c **** ********************************************************************************
   9:Generated_Source\PSoC4/BLE_custom.c **** * \copyright
  10:Generated_Source\PSoC4/BLE_custom.c **** * Copyright 2014-2018, Cypress Semiconductor Corporation.  All rights reserved.
  11:Generated_Source\PSoC4/BLE_custom.c **** * You may use this file only in accordance with the license, terms, conditions,
  12:Generated_Source\PSoC4/BLE_custom.c **** * disclaimers, and limitations in the end user license agreement accompanying
  13:Generated_Source\PSoC4/BLE_custom.c **** * the software package with which this file was provided.
  14:Generated_Source\PSoC4/BLE_custom.c **** *******************************************************************************/
  15:Generated_Source\PSoC4/BLE_custom.c **** 
  16:Generated_Source\PSoC4/BLE_custom.c **** 
ARM GAS  C:\Users\Jack\AppData\Local\Temp\ccnbjR7P.s 			page 2


  17:Generated_Source\PSoC4/BLE_custom.c **** #include "BLE_eventHandler.h"
  18:Generated_Source\PSoC4/BLE_custom.c **** 
  19:Generated_Source\PSoC4/BLE_custom.c **** #ifdef CYBLE_CUSTOM_SERVER
  20:Generated_Source\PSoC4/BLE_custom.c **** 
  21:Generated_Source\PSoC4/BLE_custom.c **** /* If any custom service with custom characteristics is defined in the
  22:Generated_Source\PSoC4/BLE_custom.c **** * customizer's GUI their handles will be present in this array.
  23:Generated_Source\PSoC4/BLE_custom.c **** */
  24:Generated_Source\PSoC4/BLE_custom.c **** /* This array contains attribute handles for the defined Custom Services and their characteristics 
  25:Generated_Source\PSoC4/BLE_custom.c ****    The array index definitions are located in the CYBLE_custom.h file. */
  26:Generated_Source\PSoC4/BLE_custom.c **** const CYBLE_CUSTOMS_T cyBle_customs[0x02u] = {
  27:Generated_Source\PSoC4/BLE_custom.c **** 
  28:Generated_Source\PSoC4/BLE_custom.c ****     /* CapSense service */
  29:Generated_Source\PSoC4/BLE_custom.c ****     {
  30:Generated_Source\PSoC4/BLE_custom.c ****         0x000Cu, /* Handle of the CapSense service */ 
  31:Generated_Source\PSoC4/BLE_custom.c ****         {
  32:Generated_Source\PSoC4/BLE_custom.c **** 
  33:Generated_Source\PSoC4/BLE_custom.c ****             /* CapSense Slider characteristic */
  34:Generated_Source\PSoC4/BLE_custom.c ****             {
  35:Generated_Source\PSoC4/BLE_custom.c ****                 0x000Eu, /* Handle of the CapSense Slider characteristic */ 
  36:Generated_Source\PSoC4/BLE_custom.c ****                 
  37:Generated_Source\PSoC4/BLE_custom.c ****                 /* Array of Descriptors handles */
  38:Generated_Source\PSoC4/BLE_custom.c ****                 {
  39:Generated_Source\PSoC4/BLE_custom.c ****                     0x000Fu, /* Handle of the Client Characteristic Configuration descriptor */ 
  40:Generated_Source\PSoC4/BLE_custom.c ****                     0x0010u, /* Handle of the Characteristic User Description descriptor */ 
  41:Generated_Source\PSoC4/BLE_custom.c ****                 }, 
  42:Generated_Source\PSoC4/BLE_custom.c ****             },
  43:Generated_Source\PSoC4/BLE_custom.c ****         }, 
  44:Generated_Source\PSoC4/BLE_custom.c ****     },
  45:Generated_Source\PSoC4/BLE_custom.c **** 
  46:Generated_Source\PSoC4/BLE_custom.c ****     /* RGB LED service */
  47:Generated_Source\PSoC4/BLE_custom.c ****     {
  48:Generated_Source\PSoC4/BLE_custom.c ****         0x0011u, /* Handle of the RGB LED service */ 
  49:Generated_Source\PSoC4/BLE_custom.c ****         {
  50:Generated_Source\PSoC4/BLE_custom.c **** 
  51:Generated_Source\PSoC4/BLE_custom.c ****             /* RGB LED Control characteristic */
  52:Generated_Source\PSoC4/BLE_custom.c ****             {
  53:Generated_Source\PSoC4/BLE_custom.c ****                 0x0013u, /* Handle of the RGB LED Control characteristic */ 
  54:Generated_Source\PSoC4/BLE_custom.c ****                 
  55:Generated_Source\PSoC4/BLE_custom.c ****                 /* Array of Descriptors handles */
  56:Generated_Source\PSoC4/BLE_custom.c ****                 {
  57:Generated_Source\PSoC4/BLE_custom.c ****                     0x0014u, /* Handle of the Client Characteristic Configuration descriptor */ 
  58:Generated_Source\PSoC4/BLE_custom.c ****                     0x0015u, /* Handle of the Characteristic User Description descriptor */ 
  59:Generated_Source\PSoC4/BLE_custom.c ****                 }, 
  60:Generated_Source\PSoC4/BLE_custom.c ****             },
  61:Generated_Source\PSoC4/BLE_custom.c ****         }, 
  62:Generated_Source\PSoC4/BLE_custom.c ****     },
  63:Generated_Source\PSoC4/BLE_custom.c **** };
  64:Generated_Source\PSoC4/BLE_custom.c **** 
  65:Generated_Source\PSoC4/BLE_custom.c **** 
  66:Generated_Source\PSoC4/BLE_custom.c **** #endif /* (CYBLE_CUSTOM_SERVER) */
  67:Generated_Source\PSoC4/BLE_custom.c **** 
  68:Generated_Source\PSoC4/BLE_custom.c **** #ifdef CYBLE_CUSTOM_CLIENT
  69:Generated_Source\PSoC4/BLE_custom.c ****     
  70:Generated_Source\PSoC4/BLE_custom.c **** 
  71:Generated_Source\PSoC4/BLE_custom.c **** static uint16 cyBle_customDisServIndex;
  72:Generated_Source\PSoC4/BLE_custom.c **** static uint16 cyBle_customDisCharIndex;
  73:Generated_Source\PSoC4/BLE_custom.c **** 
ARM GAS  C:\Users\Jack\AppData\Local\Temp\ccnbjR7P.s 			page 3


  74:Generated_Source\PSoC4/BLE_custom.c **** #endif /* (CYBLE_CUSTOM_CLIENT) */
  75:Generated_Source\PSoC4/BLE_custom.c **** 
  76:Generated_Source\PSoC4/BLE_custom.c **** 
  77:Generated_Source\PSoC4/BLE_custom.c **** /****************************************************************************** 
  78:Generated_Source\PSoC4/BLE_custom.c **** * Function Name: CyBle_CustomInit
  79:Generated_Source\PSoC4/BLE_custom.c **** ***************************************************************************//**
  80:Generated_Source\PSoC4/BLE_custom.c **** * 
  81:Generated_Source\PSoC4/BLE_custom.c **** *  This function initializes Custom Service.
  82:Generated_Source\PSoC4/BLE_custom.c **** * 
  83:Generated_Source\PSoC4/BLE_custom.c **** * \return
  84:Generated_Source\PSoC4/BLE_custom.c **** *  None
  85:Generated_Source\PSoC4/BLE_custom.c **** * 
  86:Generated_Source\PSoC4/BLE_custom.c **** ******************************************************************************/
  87:Generated_Source\PSoC4/BLE_custom.c **** void CyBle_CustomInit(void)
  88:Generated_Source\PSoC4/BLE_custom.c **** {
  42              		.loc 1 88 0
  43              		.cfi_startproc
  44              		@ args = 0, pretend = 0, frame = 0
  45              		@ frame_needed = 1, uses_anonymous_args = 0
  46 0000 80B5     		push	{r7, lr}
  47              		.cfi_def_cfa_offset 8
  48              		.cfi_offset 7, -8
  49              		.cfi_offset 14, -4
  50 0002 00AF     		add	r7, sp, #0
  51              		.cfi_def_cfa_register 7
  89:Generated_Source\PSoC4/BLE_custom.c ****     
  90:Generated_Source\PSoC4/BLE_custom.c **** #ifdef CYBLE_CUSTOM_CLIENT
  91:Generated_Source\PSoC4/BLE_custom.c **** 
  92:Generated_Source\PSoC4/BLE_custom.c ****     uint16 locServIndex;
  93:Generated_Source\PSoC4/BLE_custom.c ****     uint16 locCharIndex;
  94:Generated_Source\PSoC4/BLE_custom.c ****     uint16 locDescIndex;
  95:Generated_Source\PSoC4/BLE_custom.c ****     
  96:Generated_Source\PSoC4/BLE_custom.c ****     for(locServIndex = 0u; locServIndex < CYBLE_CUSTOMC_SERVICE_COUNT; locServIndex++)
  97:Generated_Source\PSoC4/BLE_custom.c ****     {
  98:Generated_Source\PSoC4/BLE_custom.c ****         if(cyBle_serverInfo[CYBLE_SRVI_CUSTOMS + locServIndex].range.startHandle == CYBLE_GATT_INVA
  99:Generated_Source\PSoC4/BLE_custom.c ****         {
 100:Generated_Source\PSoC4/BLE_custom.c ****             for(locCharIndex = 0u; locCharIndex < cyBle_customCServ[locServIndex].charCount; locCha
 101:Generated_Source\PSoC4/BLE_custom.c ****             {
 102:Generated_Source\PSoC4/BLE_custom.c ****                 cyBle_customCServ[locServIndex].customServChar[locCharIndex].
 103:Generated_Source\PSoC4/BLE_custom.c ****                     customServCharHandle = 0u;
 104:Generated_Source\PSoC4/BLE_custom.c ****                 
 105:Generated_Source\PSoC4/BLE_custom.c ****                 for(locDescIndex = 0u; locDescIndex < 
 106:Generated_Source\PSoC4/BLE_custom.c ****                     cyBle_customCServ[locServIndex].customServChar[locCharIndex].descCount; 
 107:Generated_Source\PSoC4/BLE_custom.c ****                         locDescIndex++)
 108:Generated_Source\PSoC4/BLE_custom.c ****                 {
 109:Generated_Source\PSoC4/BLE_custom.c ****                     cyBle_customCServ[locServIndex].customServChar[locCharIndex].
 110:Generated_Source\PSoC4/BLE_custom.c ****                         customServCharDesc[locDescIndex].descHandle = 0u;
 111:Generated_Source\PSoC4/BLE_custom.c ****                 }
 112:Generated_Source\PSoC4/BLE_custom.c ****             }
 113:Generated_Source\PSoC4/BLE_custom.c ****         }
 114:Generated_Source\PSoC4/BLE_custom.c ****     }
 115:Generated_Source\PSoC4/BLE_custom.c **** 
 116:Generated_Source\PSoC4/BLE_custom.c **** #endif /* (CYBLE_CUSTOM_CLIENT) */
 117:Generated_Source\PSoC4/BLE_custom.c **** }
  52              		.loc 1 117 0
  53 0004 C046     		nop
  54 0006 BD46     		mov	sp, r7
ARM GAS  C:\Users\Jack\AppData\Local\Temp\ccnbjR7P.s 			page 4


  55              		@ sp needed
  56 0008 80BD     		pop	{r7, pc}
  57              		.cfi_endproc
  58              	.LFE2:
  59              		.size	CyBle_CustomInit, .-CyBle_CustomInit
  60 000a C046     		.text
  61              	.Letext0:
  62              		.file 2 "Generated_Source\\PSoC4\\cytypes.h"
  63              		.file 3 "Generated_Source\\PSoC4\\BLE_StackGatt.h"
  64              		.file 4 "Generated_Source\\PSoC4\\BLE_custom.h"
  65              		.file 5 "Generated_Source\\PSoC4\\BLE_Stack.h"
  66              		.section	.debug_info,"",%progbits
  67              	.Ldebug_info0:
  68 0000 15030000 		.4byte	0x315
  69 0004 0400     		.2byte	0x4
  70 0006 00000000 		.4byte	.Ldebug_abbrev0
  71 000a 04       		.byte	0x4
  72 000b 01       		.uleb128 0x1
  73 000c 02040000 		.4byte	.LASF94
  74 0010 0C       		.byte	0xc
  75 0011 C6020000 		.4byte	.LASF95
  76 0015 BF070000 		.4byte	.LASF96
  77 0019 00000000 		.4byte	.Ldebug_ranges0+0
  78 001d 00000000 		.4byte	0
  79 0021 00000000 		.4byte	.Ldebug_line0
  80 0025 02       		.uleb128 0x2
  81 0026 01       		.byte	0x1
  82 0027 06       		.byte	0x6
  83 0028 8D050000 		.4byte	.LASF0
  84 002c 02       		.uleb128 0x2
  85 002d 01       		.byte	0x1
  86 002e 08       		.byte	0x8
  87 002f 14050000 		.4byte	.LASF1
  88 0033 02       		.uleb128 0x2
  89 0034 02       		.byte	0x2
  90 0035 05       		.byte	0x5
  91 0036 B7000000 		.4byte	.LASF2
  92 003a 02       		.uleb128 0x2
  93 003b 02       		.byte	0x2
  94 003c 07       		.byte	0x7
  95 003d 6D070000 		.4byte	.LASF3
  96 0041 02       		.uleb128 0x2
  97 0042 04       		.byte	0x4
  98 0043 05       		.byte	0x5
  99 0044 37030000 		.4byte	.LASF4
 100 0048 02       		.uleb128 0x2
 101 0049 04       		.byte	0x4
 102 004a 07       		.byte	0x7
 103 004b 1E060000 		.4byte	.LASF5
 104 004f 02       		.uleb128 0x2
 105 0050 08       		.byte	0x8
 106 0051 05       		.byte	0x5
 107 0052 23010000 		.4byte	.LASF6
 108 0056 02       		.uleb128 0x2
 109 0057 08       		.byte	0x8
 110 0058 07       		.byte	0x7
 111 0059 EA020000 		.4byte	.LASF7
ARM GAS  C:\Users\Jack\AppData\Local\Temp\ccnbjR7P.s 			page 5


 112 005d 03       		.uleb128 0x3
 113 005e 04       		.byte	0x4
 114 005f 05       		.byte	0x5
 115 0060 696E7400 		.ascii	"int\000"
 116 0064 02       		.uleb128 0x2
 117 0065 04       		.byte	0x4
 118 0066 07       		.byte	0x7
 119 0067 F6050000 		.4byte	.LASF8
 120 006b 04       		.uleb128 0x4
 121 006c CE010000 		.4byte	.LASF86
 122 0070 02       		.byte	0x2
 123 0071 E501     		.2byte	0x1e5
 124 0073 3A000000 		.4byte	0x3a
 125 0077 02       		.uleb128 0x2
 126 0078 04       		.byte	0x4
 127 0079 04       		.byte	0x4
 128 007a 7E020000 		.4byte	.LASF9
 129 007e 02       		.uleb128 0x2
 130 007f 08       		.byte	0x8
 131 0080 04       		.byte	0x4
 132 0081 A0080000 		.4byte	.LASF10
 133 0085 02       		.uleb128 0x2
 134 0086 01       		.byte	0x1
 135 0087 08       		.byte	0x8
 136 0088 4C070000 		.4byte	.LASF11
 137 008c 02       		.uleb128 0x2
 138 008d 08       		.byte	0x8
 139 008e 04       		.byte	0x4
 140 008f E2040000 		.4byte	.LASF12
 141 0093 02       		.uleb128 0x2
 142 0094 04       		.byte	0x4
 143 0095 07       		.byte	0x7
 144 0096 F9000000 		.4byte	.LASF13
 145 009a 05       		.uleb128 0x5
 146 009b 01       		.byte	0x1
 147 009c 2C000000 		.4byte	0x2c
 148 00a0 05       		.byte	0x5
 149 00a1 3201     		.2byte	0x132
 150 00a3 58020000 		.4byte	0x258
 151 00a7 06       		.uleb128 0x6
 152 00a8 28020000 		.4byte	.LASF14
 153 00ac 00       		.byte	0
 154 00ad 06       		.uleb128 0x6
 155 00ae 68010000 		.4byte	.LASF15
 156 00b2 01       		.byte	0x1
 157 00b3 06       		.uleb128 0x6
 158 00b4 4E0A0000 		.4byte	.LASF16
 159 00b8 02       		.byte	0x2
 160 00b9 06       		.uleb128 0x6
 161 00ba 24090000 		.4byte	.LASF17
 162 00be 03       		.byte	0x3
 163 00bf 06       		.uleb128 0x6
 164 00c0 42010000 		.4byte	.LASF18
 165 00c4 04       		.byte	0x4
 166 00c5 06       		.uleb128 0x6
 167 00c6 C0030000 		.4byte	.LASF19
 168 00ca 05       		.byte	0x5
ARM GAS  C:\Users\Jack\AppData\Local\Temp\ccnbjR7P.s 			page 6


 169 00cb 06       		.uleb128 0x6
 170 00cc 3E000000 		.4byte	.LASF20
 171 00d0 06       		.byte	0x6
 172 00d1 06       		.uleb128 0x6
 173 00d2 82090000 		.4byte	.LASF21
 174 00d6 20       		.byte	0x20
 175 00d7 06       		.uleb128 0x6
 176 00d8 30060000 		.4byte	.LASF22
 177 00dc 21       		.byte	0x21
 178 00dd 06       		.uleb128 0x6
 179 00de 00000000 		.4byte	.LASF23
 180 00e2 22       		.byte	0x22
 181 00e3 06       		.uleb128 0x6
 182 00e4 DC030000 		.4byte	.LASF24
 183 00e8 23       		.byte	0x23
 184 00e9 06       		.uleb128 0x6
 185 00ea DA050000 		.4byte	.LASF25
 186 00ee 24       		.byte	0x24
 187 00ef 06       		.uleb128 0x6
 188 00f0 C1000000 		.4byte	.LASF26
 189 00f4 25       		.byte	0x25
 190 00f5 06       		.uleb128 0x6
 191 00f6 FC080000 		.4byte	.LASF27
 192 00fa 26       		.byte	0x26
 193 00fb 06       		.uleb128 0x6
 194 00fc 61030000 		.4byte	.LASF28
 195 0100 27       		.byte	0x27
 196 0101 06       		.uleb128 0x6
 197 0102 71000000 		.4byte	.LASF29
 198 0106 28       		.byte	0x28
 199 0107 06       		.uleb128 0x6
 200 0108 68060000 		.4byte	.LASF30
 201 010c 29       		.byte	0x29
 202 010d 06       		.uleb128 0x6
 203 010e FC060000 		.4byte	.LASF31
 204 0112 2A       		.byte	0x2a
 205 0113 06       		.uleb128 0x6
 206 0114 40080000 		.4byte	.LASF32
 207 0118 2B       		.byte	0x2b
 208 0119 06       		.uleb128 0x6
 209 011a C0060000 		.4byte	.LASF33
 210 011e 2C       		.byte	0x2c
 211 011f 06       		.uleb128 0x6
 212 0120 9D020000 		.4byte	.LASF34
 213 0124 2D       		.byte	0x2d
 214 0125 06       		.uleb128 0x6
 215 0126 93000000 		.4byte	.LASF35
 216 012a 2E       		.byte	0x2e
 217 012b 06       		.uleb128 0x6
 218 012c 380B0000 		.4byte	.LASF36
 219 0130 2F       		.byte	0x2f
 220 0131 06       		.uleb128 0x6
 221 0132 02010000 		.4byte	.LASF37
 222 0136 30       		.byte	0x30
 223 0137 06       		.uleb128 0x6
 224 0138 BE040000 		.4byte	.LASF38
 225 013c 31       		.byte	0x31
ARM GAS  C:\Users\Jack\AppData\Local\Temp\ccnbjR7P.s 			page 7


 226 013d 06       		.uleb128 0x6
 227 013e 80070000 		.4byte	.LASF39
 228 0142 32       		.byte	0x32
 229 0143 06       		.uleb128 0x6
 230 0144 25070000 		.4byte	.LASF40
 231 0148 33       		.byte	0x33
 232 0149 06       		.uleb128 0x6
 233 014a 85060000 		.4byte	.LASF41
 234 014e 34       		.byte	0x34
 235 014f 06       		.uleb128 0x6
 236 0150 DF080000 		.4byte	.LASF42
 237 0154 35       		.byte	0x35
 238 0155 06       		.uleb128 0x6
 239 0156 16030000 		.4byte	.LASF43
 240 015a 36       		.byte	0x36
 241 015b 06       		.uleb128 0x6
 242 015c 7B010000 		.4byte	.LASF44
 243 0160 37       		.byte	0x37
 244 0161 06       		.uleb128 0x6
 245 0162 57000000 		.4byte	.LASF45
 246 0166 40       		.byte	0x40
 247 0167 06       		.uleb128 0x6
 248 0168 03060000 		.4byte	.LASF46
 249 016c 41       		.byte	0x41
 250 016d 06       		.uleb128 0x6
 251 016e DB000000 		.4byte	.LASF47
 252 0172 42       		.byte	0x42
 253 0173 06       		.uleb128 0x6
 254 0174 B0010000 		.4byte	.LASF48
 255 0178 43       		.byte	0x43
 256 0179 06       		.uleb128 0x6
 257 017a 0C0A0000 		.4byte	.LASF49
 258 017e 44       		.byte	0x44
 259 017f 06       		.uleb128 0x6
 260 0180 A6090000 		.4byte	.LASF50
 261 0184 45       		.byte	0x45
 262 0185 06       		.uleb128 0x6
 263 0186 EB090000 		.4byte	.LASF51
 264 018a 46       		.byte	0x46
 265 018b 06       		.uleb128 0x6
 266 018c 6F050000 		.4byte	.LASF52
 267 0190 47       		.byte	0x47
 268 0191 06       		.uleb128 0x6
 269 0192 B3050000 		.4byte	.LASF53
 270 0196 48       		.byte	0x48
 271 0197 06       		.uleb128 0x6
 272 0198 84020000 		.4byte	.LASF54
 273 019c 49       		.byte	0x49
 274 019d 06       		.uleb128 0x6
 275 019e A1070000 		.4byte	.LASF55
 276 01a2 4A       		.byte	0x4a
 277 01a3 06       		.uleb128 0x6
 278 01a4 E8010000 		.4byte	.LASF56
 279 01a8 4B       		.byte	0x4b
 280 01a9 06       		.uleb128 0x6
 281 01aa 99050000 		.4byte	.LASF57
 282 01ae 4C       		.byte	0x4c
ARM GAS  C:\Users\Jack\AppData\Local\Temp\ccnbjR7P.s 			page 8


 283 01af 06       		.uleb128 0x6
 284 01b0 24000000 		.4byte	.LASF58
 285 01b4 4D       		.byte	0x4d
 286 01b5 06       		.uleb128 0x6
 287 01b6 CD090000 		.4byte	.LASF59
 288 01ba 4E       		.byte	0x4e
 289 01bb 06       		.uleb128 0x6
 290 01bc 31050000 		.4byte	.LASF60
 291 01c0 4F       		.byte	0x4f
 292 01c1 06       		.uleb128 0x6
 293 01c2 B90A0000 		.4byte	.LASF61
 294 01c6 50       		.byte	0x50
 295 01c7 06       		.uleb128 0x6
 296 01c8 80030000 		.4byte	.LASF62
 297 01cc 51       		.byte	0x51
 298 01cd 06       		.uleb128 0x6
 299 01ce 9F030000 		.4byte	.LASF63
 300 01d2 52       		.byte	0x52
 301 01d3 06       		.uleb128 0x6
 302 01d4 40030000 		.4byte	.LASF64
 303 01d8 53       		.byte	0x53
 304 01d9 06       		.uleb128 0x6
 305 01da 07020000 		.4byte	.LASF65
 306 01de 54       		.byte	0x54
 307 01df 06       		.uleb128 0x6
 308 01e0 020B0000 		.4byte	.LASF66
 309 01e4 55       		.byte	0x55
 310 01e5 06       		.uleb128 0x6
 311 01e6 970A0000 		.4byte	.LASF67
 312 01ea 56       		.byte	0x56
 313 01eb 06       		.uleb128 0x6
 314 01ec 6E0A0000 		.4byte	.LASF68
 315 01f0 57       		.byte	0x57
 316 01f1 06       		.uleb128 0x6
 317 01f2 9D060000 		.4byte	.LASF69
 318 01f6 58       		.byte	0x58
 319 01f7 06       		.uleb128 0x6
 320 01f8 EE040000 		.4byte	.LASF70
 321 01fc 70       		.byte	0x70
 322 01fd 06       		.uleb128 0x6
 323 01fe 5C090000 		.4byte	.LASF71
 324 0202 71       		.byte	0x71
 325 0203 06       		.uleb128 0x6
 326 0204 51070000 		.4byte	.LASF72
 327 0208 72       		.byte	0x72
 328 0209 06       		.uleb128 0x6
 329 020a 3F020000 		.4byte	.LASF73
 330 020e 73       		.byte	0x73
 331 020f 06       		.uleb128 0x6
 332 0210 A0040000 		.4byte	.LASF74
 333 0214 74       		.byte	0x74
 334 0215 06       		.uleb128 0x6
 335 0216 47060000 		.4byte	.LASF75
 336 021a 75       		.byte	0x75
 337 021b 06       		.uleb128 0x6
 338 021c 5D020000 		.4byte	.LASF76
 339 0220 76       		.byte	0x76
ARM GAS  C:\Users\Jack\AppData\Local\Temp\ccnbjR7P.s 			page 9


 340 0221 06       		.uleb128 0x6
 341 0222 3D090000 		.4byte	.LASF77
 342 0226 77       		.byte	0x77
 343 0227 06       		.uleb128 0x6
 344 0228 7D080000 		.4byte	.LASF78
 345 022c 78       		.byte	0x78
 346 022d 06       		.uleb128 0x6
 347 022e A7080000 		.4byte	.LASF79
 348 0232 79       		.byte	0x79
 349 0233 06       		.uleb128 0x6
 350 0234 2A0A0000 		.4byte	.LASF80
 351 0238 7A       		.byte	0x7a
 352 0239 06       		.uleb128 0x6
 353 023a 5F080000 		.4byte	.LASF81
 354 023e FA       		.byte	0xfa
 355 023f 06       		.uleb128 0x6
 356 0240 50050000 		.4byte	.LASF82
 357 0244 FB       		.byte	0xfb
 358 0245 06       		.uleb128 0x6
 359 0246 260B0000 		.4byte	.LASF83
 360 024a FC       		.byte	0xfc
 361 024b 06       		.uleb128 0x6
 362 024c E4060000 		.4byte	.LASF84
 363 0250 FD       		.byte	0xfd
 364 0251 06       		.uleb128 0x6
 365 0252 600A0000 		.4byte	.LASF85
 366 0256 FF       		.byte	0xff
 367 0257 00       		.byte	0
 368 0258 04       		.uleb128 0x4
 369 0259 D80A0000 		.4byte	.LASF87
 370 025d 03       		.byte	0x3
 371 025e 8901     		.2byte	0x189
 372 0260 6B000000 		.4byte	0x6b
 373 0264 07       		.uleb128 0x7
 374 0265 06       		.byte	0x6
 375 0266 04       		.byte	0x4
 376 0267 4E       		.byte	0x4e
 377 0268 85020000 		.4byte	0x285
 378 026c 08       		.uleb128 0x8
 379 026d CA080000 		.4byte	.LASF88
 380 0271 04       		.byte	0x4
 381 0272 51       		.byte	0x51
 382 0273 58020000 		.4byte	0x258
 383 0277 00       		.byte	0
 384 0278 08       		.uleb128 0x8
 385 0279 D5010000 		.4byte	.LASF89
 386 027d 04       		.byte	0x4
 387 027e 53       		.byte	0x53
 388 027f 85020000 		.4byte	0x285
 389 0283 02       		.byte	0x2
 390 0284 00       		.byte	0
 391 0285 09       		.uleb128 0x9
 392 0286 58020000 		.4byte	0x258
 393 028a 95020000 		.4byte	0x295
 394 028e 0A       		.uleb128 0xa
 395 028f 93000000 		.4byte	0x93
 396 0293 01       		.byte	0x1
ARM GAS  C:\Users\Jack\AppData\Local\Temp\ccnbjR7P.s 			page 10


 397 0294 00       		.byte	0
 398 0295 0B       		.uleb128 0xb
 399 0296 01030000 		.4byte	.LASF90
 400 029a 04       		.byte	0x4
 401 029b 55       		.byte	0x55
 402 029c 64020000 		.4byte	0x264
 403 02a0 07       		.uleb128 0x7
 404 02a1 08       		.byte	0x8
 405 02a2 04       		.byte	0x4
 406 02a3 58       		.byte	0x58
 407 02a4 C1020000 		.4byte	0x2c1
 408 02a8 08       		.uleb128 0x8
 409 02a9 31010000 		.4byte	.LASF91
 410 02ad 04       		.byte	0x4
 411 02ae 5B       		.byte	0x5b
 412 02af 58020000 		.4byte	0x258
 413 02b3 00       		.byte	0
 414 02b4 08       		.uleb128 0x8
 415 02b5 22050000 		.4byte	.LASF92
 416 02b9 04       		.byte	0x4
 417 02ba 5E       		.byte	0x5e
 418 02bb C1020000 		.4byte	0x2c1
 419 02bf 02       		.byte	0x2
 420 02c0 00       		.byte	0
 421 02c1 09       		.uleb128 0x9
 422 02c2 95020000 		.4byte	0x295
 423 02c6 D1020000 		.4byte	0x2d1
 424 02ca 0A       		.uleb128 0xa
 425 02cb 93000000 		.4byte	0x93
 426 02cf 00       		.byte	0
 427 02d0 00       		.byte	0
 428 02d1 0B       		.uleb128 0xb
 429 02d2 90040000 		.4byte	.LASF93
 430 02d6 04       		.byte	0x4
 431 02d7 60       		.byte	0x60
 432 02d8 A0020000 		.4byte	0x2a0
 433 02dc 0C       		.uleb128 0xc
 434 02dd 57010000 		.4byte	.LASF97
 435 02e1 01       		.byte	0x1
 436 02e2 57       		.byte	0x57
 437 02e3 00000000 		.4byte	.LFB2
 438 02e7 0A000000 		.4byte	.LFE2-.LFB2
 439 02eb 01       		.uleb128 0x1
 440 02ec 9C       		.byte	0x9c
 441 02ed 09       		.uleb128 0x9
 442 02ee FD020000 		.4byte	0x2fd
 443 02f2 FD020000 		.4byte	0x2fd
 444 02f6 0A       		.uleb128 0xa
 445 02f7 93000000 		.4byte	0x93
 446 02fb 01       		.byte	0x1
 447 02fc 00       		.byte	0
 448 02fd 0D       		.uleb128 0xd
 449 02fe D1020000 		.4byte	0x2d1
 450 0302 0E       		.uleb128 0xe
 451 0303 F40A0000 		.4byte	.LASF98
 452 0307 01       		.byte	0x1
 453 0308 1A       		.byte	0x1a
ARM GAS  C:\Users\Jack\AppData\Local\Temp\ccnbjR7P.s 			page 11


 454 0309 13030000 		.4byte	0x313
 455 030d 05       		.uleb128 0x5
 456 030e 03       		.byte	0x3
 457 030f 00000000 		.4byte	cyBle_customs
 458 0313 0D       		.uleb128 0xd
 459 0314 ED020000 		.4byte	0x2ed
 460 0318 00       		.byte	0
 461              		.section	.debug_abbrev,"",%progbits
 462              	.Ldebug_abbrev0:
 463 0000 01       		.uleb128 0x1
 464 0001 11       		.uleb128 0x11
 465 0002 01       		.byte	0x1
 466 0003 25       		.uleb128 0x25
 467 0004 0E       		.uleb128 0xe
 468 0005 13       		.uleb128 0x13
 469 0006 0B       		.uleb128 0xb
 470 0007 03       		.uleb128 0x3
 471 0008 0E       		.uleb128 0xe
 472 0009 1B       		.uleb128 0x1b
 473 000a 0E       		.uleb128 0xe
 474 000b 55       		.uleb128 0x55
 475 000c 17       		.uleb128 0x17
 476 000d 11       		.uleb128 0x11
 477 000e 01       		.uleb128 0x1
 478 000f 10       		.uleb128 0x10
 479 0010 17       		.uleb128 0x17
 480 0011 00       		.byte	0
 481 0012 00       		.byte	0
 482 0013 02       		.uleb128 0x2
 483 0014 24       		.uleb128 0x24
 484 0015 00       		.byte	0
 485 0016 0B       		.uleb128 0xb
 486 0017 0B       		.uleb128 0xb
 487 0018 3E       		.uleb128 0x3e
 488 0019 0B       		.uleb128 0xb
 489 001a 03       		.uleb128 0x3
 490 001b 0E       		.uleb128 0xe
 491 001c 00       		.byte	0
 492 001d 00       		.byte	0
 493 001e 03       		.uleb128 0x3
 494 001f 24       		.uleb128 0x24
 495 0020 00       		.byte	0
 496 0021 0B       		.uleb128 0xb
 497 0022 0B       		.uleb128 0xb
 498 0023 3E       		.uleb128 0x3e
 499 0024 0B       		.uleb128 0xb
 500 0025 03       		.uleb128 0x3
 501 0026 08       		.uleb128 0x8
 502 0027 00       		.byte	0
 503 0028 00       		.byte	0
 504 0029 04       		.uleb128 0x4
 505 002a 16       		.uleb128 0x16
 506 002b 00       		.byte	0
 507 002c 03       		.uleb128 0x3
 508 002d 0E       		.uleb128 0xe
 509 002e 3A       		.uleb128 0x3a
 510 002f 0B       		.uleb128 0xb
ARM GAS  C:\Users\Jack\AppData\Local\Temp\ccnbjR7P.s 			page 12


 511 0030 3B       		.uleb128 0x3b
 512 0031 05       		.uleb128 0x5
 513 0032 49       		.uleb128 0x49
 514 0033 13       		.uleb128 0x13
 515 0034 00       		.byte	0
 516 0035 00       		.byte	0
 517 0036 05       		.uleb128 0x5
 518 0037 04       		.uleb128 0x4
 519 0038 01       		.byte	0x1
 520 0039 0B       		.uleb128 0xb
 521 003a 0B       		.uleb128 0xb
 522 003b 49       		.uleb128 0x49
 523 003c 13       		.uleb128 0x13
 524 003d 3A       		.uleb128 0x3a
 525 003e 0B       		.uleb128 0xb
 526 003f 3B       		.uleb128 0x3b
 527 0040 05       		.uleb128 0x5
 528 0041 01       		.uleb128 0x1
 529 0042 13       		.uleb128 0x13
 530 0043 00       		.byte	0
 531 0044 00       		.byte	0
 532 0045 06       		.uleb128 0x6
 533 0046 28       		.uleb128 0x28
 534 0047 00       		.byte	0
 535 0048 03       		.uleb128 0x3
 536 0049 0E       		.uleb128 0xe
 537 004a 1C       		.uleb128 0x1c
 538 004b 0B       		.uleb128 0xb
 539 004c 00       		.byte	0
 540 004d 00       		.byte	0
 541 004e 07       		.uleb128 0x7
 542 004f 13       		.uleb128 0x13
 543 0050 01       		.byte	0x1
 544 0051 0B       		.uleb128 0xb
 545 0052 0B       		.uleb128 0xb
 546 0053 3A       		.uleb128 0x3a
 547 0054 0B       		.uleb128 0xb
 548 0055 3B       		.uleb128 0x3b
 549 0056 0B       		.uleb128 0xb
 550 0057 01       		.uleb128 0x1
 551 0058 13       		.uleb128 0x13
 552 0059 00       		.byte	0
 553 005a 00       		.byte	0
 554 005b 08       		.uleb128 0x8
 555 005c 0D       		.uleb128 0xd
 556 005d 00       		.byte	0
 557 005e 03       		.uleb128 0x3
 558 005f 0E       		.uleb128 0xe
 559 0060 3A       		.uleb128 0x3a
 560 0061 0B       		.uleb128 0xb
 561 0062 3B       		.uleb128 0x3b
 562 0063 0B       		.uleb128 0xb
 563 0064 49       		.uleb128 0x49
 564 0065 13       		.uleb128 0x13
 565 0066 38       		.uleb128 0x38
 566 0067 0B       		.uleb128 0xb
 567 0068 00       		.byte	0
ARM GAS  C:\Users\Jack\AppData\Local\Temp\ccnbjR7P.s 			page 13


 568 0069 00       		.byte	0
 569 006a 09       		.uleb128 0x9
 570 006b 01       		.uleb128 0x1
 571 006c 01       		.byte	0x1
 572 006d 49       		.uleb128 0x49
 573 006e 13       		.uleb128 0x13
 574 006f 01       		.uleb128 0x1
 575 0070 13       		.uleb128 0x13
 576 0071 00       		.byte	0
 577 0072 00       		.byte	0
 578 0073 0A       		.uleb128 0xa
 579 0074 21       		.uleb128 0x21
 580 0075 00       		.byte	0
 581 0076 49       		.uleb128 0x49
 582 0077 13       		.uleb128 0x13
 583 0078 2F       		.uleb128 0x2f
 584 0079 0B       		.uleb128 0xb
 585 007a 00       		.byte	0
 586 007b 00       		.byte	0
 587 007c 0B       		.uleb128 0xb
 588 007d 16       		.uleb128 0x16
 589 007e 00       		.byte	0
 590 007f 03       		.uleb128 0x3
 591 0080 0E       		.uleb128 0xe
 592 0081 3A       		.uleb128 0x3a
 593 0082 0B       		.uleb128 0xb
 594 0083 3B       		.uleb128 0x3b
 595 0084 0B       		.uleb128 0xb
 596 0085 49       		.uleb128 0x49
 597 0086 13       		.uleb128 0x13
 598 0087 00       		.byte	0
 599 0088 00       		.byte	0
 600 0089 0C       		.uleb128 0xc
 601 008a 2E       		.uleb128 0x2e
 602 008b 00       		.byte	0
 603 008c 3F       		.uleb128 0x3f
 604 008d 19       		.uleb128 0x19
 605 008e 03       		.uleb128 0x3
 606 008f 0E       		.uleb128 0xe
 607 0090 3A       		.uleb128 0x3a
 608 0091 0B       		.uleb128 0xb
 609 0092 3B       		.uleb128 0x3b
 610 0093 0B       		.uleb128 0xb
 611 0094 27       		.uleb128 0x27
 612 0095 19       		.uleb128 0x19
 613 0096 11       		.uleb128 0x11
 614 0097 01       		.uleb128 0x1
 615 0098 12       		.uleb128 0x12
 616 0099 06       		.uleb128 0x6
 617 009a 40       		.uleb128 0x40
 618 009b 18       		.uleb128 0x18
 619 009c 9742     		.uleb128 0x2117
 620 009e 19       		.uleb128 0x19
 621 009f 00       		.byte	0
 622 00a0 00       		.byte	0
 623 00a1 0D       		.uleb128 0xd
 624 00a2 26       		.uleb128 0x26
ARM GAS  C:\Users\Jack\AppData\Local\Temp\ccnbjR7P.s 			page 14


 625 00a3 00       		.byte	0
 626 00a4 49       		.uleb128 0x49
 627 00a5 13       		.uleb128 0x13
 628 00a6 00       		.byte	0
 629 00a7 00       		.byte	0
 630 00a8 0E       		.uleb128 0xe
 631 00a9 34       		.uleb128 0x34
 632 00aa 00       		.byte	0
 633 00ab 03       		.uleb128 0x3
 634 00ac 0E       		.uleb128 0xe
 635 00ad 3A       		.uleb128 0x3a
 636 00ae 0B       		.uleb128 0xb
 637 00af 3B       		.uleb128 0x3b
 638 00b0 0B       		.uleb128 0xb
 639 00b1 49       		.uleb128 0x49
 640 00b2 13       		.uleb128 0x13
 641 00b3 3F       		.uleb128 0x3f
 642 00b4 19       		.uleb128 0x19
 643 00b5 02       		.uleb128 0x2
 644 00b6 18       		.uleb128 0x18
 645 00b7 00       		.byte	0
 646 00b8 00       		.byte	0
 647 00b9 00       		.byte	0
 648              		.section	.debug_aranges,"",%progbits
 649 0000 1C000000 		.4byte	0x1c
 650 0004 0200     		.2byte	0x2
 651 0006 00000000 		.4byte	.Ldebug_info0
 652 000a 04       		.byte	0x4
 653 000b 00       		.byte	0
 654 000c 0000     		.2byte	0
 655 000e 0000     		.2byte	0
 656 0010 00000000 		.4byte	.LFB2
 657 0014 0A000000 		.4byte	.LFE2-.LFB2
 658 0018 00000000 		.4byte	0
 659 001c 00000000 		.4byte	0
 660              		.section	.debug_ranges,"",%progbits
 661              	.Ldebug_ranges0:
 662 0000 00000000 		.4byte	.LFB2
 663 0004 0A000000 		.4byte	.LFE2
 664 0008 00000000 		.4byte	0
 665 000c 00000000 		.4byte	0
 666              		.section	.debug_line,"",%progbits
 667              	.Ldebug_line0:
 668 0000 92000000 		.section	.debug_str,"MS",%progbits,1
 668      02007900 
 668      00000201 
 668      FB0E0D00 
 668      01010101 
 669              	.LASF23:
 670 0000 4359424C 		.ascii	"CYBLE_EVT_GAP_PASSKEY_ENTRY_REQUEST\000"
 670      455F4556 
 670      545F4741 
 670      505F5041 
 670      53534B45 
 671              	.LASF58:
 672 0024 4359424C 		.ascii	"CYBLE_EVT_GATTC_WRITE_RSP\000"
 672      455F4556 
ARM GAS  C:\Users\Jack\AppData\Local\Temp\ccnbjR7P.s 			page 15


 672      545F4741 
 672      5454435F 
 672      57524954 
 673              	.LASF20:
 674 003e 4359424C 		.ascii	"CYBLE_EVT_MEMORY_REQUEST\000"
 674      455F4556 
 674      545F4D45 
 674      4D4F5259 
 674      5F524551 
 675              	.LASF45:
 676 0057 4359424C 		.ascii	"CYBLE_EVT_GATTC_ERROR_RSP\000"
 676      455F4556 
 676      545F4741 
 676      5454435F 
 676      4552524F 
 677              	.LASF29:
 678 0071 4359424C 		.ascii	"CYBLE_EVT_GAP_DEVICE_DISCONNECTED\000"
 678      455F4556 
 678      545F4741 
 678      505F4445 
 678      56494345 
 679              	.LASF35:
 680 0093 4359424C 		.ascii	"CYBLE_EVT_GAP_KEYPRESS_NOTIFICATION\000"
 680      455F4556 
 680      545F4741 
 680      505F4B45 
 680      59505245 
 681              	.LASF2:
 682 00b7 73686F72 		.ascii	"short int\000"
 682      7420696E 
 682      7400
 683              	.LASF26:
 684 00c1 4359424C 		.ascii	"CYBLE_EVT_GAP_AUTH_FAILED\000"
 684      455F4556 
 684      545F4741 
 684      505F4155 
 684      54485F46 
 685              	.LASF47:
 686 00db 4359424C 		.ascii	"CYBLE_EVT_GATT_DISCONNECT_IND\000"
 686      455F4556 
 686      545F4741 
 686      54545F44 
 686      4953434F 
 687              	.LASF13:
 688 00f9 73697A65 		.ascii	"sizetype\000"
 688      74797065 
 688      00
 689              	.LASF37:
 690 0102 4359424C 		.ascii	"CYBLE_EVT_GAP_DATA_LENGTH_CHANGE\000"
 690      455F4556 
 690      545F4741 
 690      505F4441 
 690      54415F4C 
 691              	.LASF6:
 692 0123 6C6F6E67 		.ascii	"long long int\000"
 692      206C6F6E 
 692      6720696E 
ARM GAS  C:\Users\Jack\AppData\Local\Temp\ccnbjR7P.s 			page 16


 692      7400
 693              	.LASF91:
 694 0131 63757374 		.ascii	"customServHandle\000"
 694      6F6D5365 
 694      72764861 
 694      6E646C65 
 694      00
 695              	.LASF18:
 696 0142 4359424C 		.ascii	"CYBLE_EVT_HCI_STATUS\000"
 696      455F4556 
 696      545F4843 
 696      495F5354 
 696      41545553 
 697              	.LASF97:
 698 0157 4379426C 		.ascii	"CyBle_CustomInit\000"
 698      655F4375 
 698      73746F6D 
 698      496E6974 
 698      00
 699              	.LASF15:
 700 0168 4359424C 		.ascii	"CYBLE_EVT_STACK_ON\000"
 700      455F4556 
 700      545F5354 
 700      41434B5F 
 700      4F4E00
 701              	.LASF44:
 702 017b 4359424C 		.ascii	"CYBLE_EVT_GAP_SMP_LOC_P256_KEYS_GEN_AND_SET_COMPLET"
 702      455F4556 
 702      545F4741 
 702      505F534D 
 702      505F4C4F 
 703 01ae 4500     		.ascii	"E\000"
 704              	.LASF48:
 705 01b0 4359424C 		.ascii	"CYBLE_EVT_GATTS_XCNHG_MTU_REQ\000"
 705      455F4556 
 705      545F4741 
 705      5454535F 
 705      58434E48 
 706              	.LASF86:
 707 01ce 75696E74 		.ascii	"uint16\000"
 707      313600
 708              	.LASF89:
 709 01d5 63757374 		.ascii	"customServCharDesc\000"
 709      6F6D5365 
 709      72764368 
 709      61724465 
 709      736300
 710              	.LASF56:
 711 01e8 4359424C 		.ascii	"CYBLE_EVT_GATTC_READ_MULTI_RSP\000"
 711      455F4556 
 711      545F4741 
 711      5454435F 
 711      52454144 
 712              	.LASF65:
 713 0207 4359424C 		.ascii	"CYBLE_EVT_GATTS_HANDLE_VALUE_CNF\000"
 713      455F4556 
 713      545F4741 
ARM GAS  C:\Users\Jack\AppData\Local\Temp\ccnbjR7P.s 			page 17


 713      5454535F 
 713      48414E44 
 714              	.LASF14:
 715 0228 4359424C 		.ascii	"CYBLE_EVT_HOST_INVALID\000"
 715      455F4556 
 715      545F484F 
 715      53545F49 
 715      4E56414C 
 716              	.LASF73:
 717 023f 4359424C 		.ascii	"CYBLE_EVT_L2CAP_CBFC_CONN_IND\000"
 717      455F4556 
 717      545F4C32 
 717      4341505F 
 717      43424643 
 718              	.LASF76:
 719 025d 4359424C 		.ascii	"CYBLE_EVT_L2CAP_CBFC_DISCONN_CNF\000"
 719      455F4556 
 719      545F4C32 
 719      4341505F 
 719      43424643 
 720              	.LASF9:
 721 027e 666C6F61 		.ascii	"float\000"
 721      7400
 722              	.LASF54:
 723 0284 4359424C 		.ascii	"CYBLE_EVT_GATTC_READ_RSP\000"
 723      455F4556 
 723      545F4741 
 723      5454435F 
 723      52454144 
 724              	.LASF34:
 725 029d 4359424C 		.ascii	"CYBLE_EVT_GAP_NUMERIC_COMPARISON_REQUEST\000"
 725      455F4556 
 725      545F4741 
 725      505F4E55 
 725      4D455249 
 726              	.LASF95:
 727 02c6 47656E65 		.ascii	"Generated_Source\\PSoC4\\BLE_custom.c\000"
 727      72617465 
 727      645F536F 
 727      75726365 
 727      5C50536F 
 728              	.LASF7:
 729 02ea 6C6F6E67 		.ascii	"long long unsigned int\000"
 729      206C6F6E 
 729      6720756E 
 729      7369676E 
 729      65642069 
 730              	.LASF90:
 731 0301 4359424C 		.ascii	"CYBLE_CUSTOMS_INFO_T\000"
 731      455F4355 
 731      53544F4D 
 731      535F494E 
 731      464F5F54 
 732              	.LASF43:
 733 0316 4359424C 		.ascii	"CYBLE_EVT_GAP_AUTH_REQ_REPLY_ERR\000"
 733      455F4556 
 733      545F4741 
ARM GAS  C:\Users\Jack\AppData\Local\Temp\ccnbjR7P.s 			page 18


 733      505F4155 
 733      54485F52 
 734              	.LASF4:
 735 0337 6C6F6E67 		.ascii	"long int\000"
 735      20696E74 
 735      00
 736              	.LASF64:
 737 0340 4359424C 		.ascii	"CYBLE_EVT_GATTC_HANDLE_VALUE_IND\000"
 737      455F4556 
 737      545F4741 
 737      5454435F 
 737      48414E44 
 738              	.LASF28:
 739 0361 4359424C 		.ascii	"CYBLE_EVT_GAP_DEVICE_CONNECTED\000"
 739      455F4556 
 739      545F4741 
 739      505F4445 
 739      56494345 
 740              	.LASF62:
 741 0380 4359424C 		.ascii	"CYBLE_EVT_GATTC_EXEC_WRITE_RSP\000"
 741      455F4556 
 741      545F4741 
 741      5454435F 
 741      45584543 
 742              	.LASF63:
 743 039f 4359424C 		.ascii	"CYBLE_EVT_GATTC_HANDLE_VALUE_NTF\000"
 743      455F4556 
 743      545F4741 
 743      5454435F 
 743      48414E44 
 744              	.LASF19:
 745 03c0 4359424C 		.ascii	"CYBLE_EVT_STACK_BUSY_STATUS\000"
 745      455F4556 
 745      545F5354 
 745      41434B5F 
 745      42555359 
 746              	.LASF24:
 747 03dc 4359424C 		.ascii	"CYBLE_EVT_GAP_PASSKEY_DISPLAY_REQUEST\000"
 747      455F4556 
 747      545F4741 
 747      505F5041 
 747      53534B45 
 748              	.LASF94:
 749 0402 474E5520 		.ascii	"GNU C11 5.4.1 20160609 (release) [ARM/embedded-5-br"
 749      43313120 
 749      352E342E 
 749      31203230 
 749      31363036 
 750 0435 616E6368 		.ascii	"anch revision 237715] -mcpu=cortex-m0 -mthumb -g -O"
 750      20726576 
 750      6973696F 
 750      6E203233 
 750      37373135 
 751 0468 30202D66 		.ascii	"0 -ffunction-sections -ffat-lto-objects\000"
 751      66756E63 
 751      74696F6E 
 751      2D736563 
ARM GAS  C:\Users\Jack\AppData\Local\Temp\ccnbjR7P.s 			page 19


 751      74696F6E 
 752              	.LASF93:
 753 0490 4359424C 		.ascii	"CYBLE_CUSTOMS_T\000"
 753      455F4355 
 753      53544F4D 
 753      535F5400 
 754              	.LASF74:
 755 04a0 4359424C 		.ascii	"CYBLE_EVT_L2CAP_CBFC_CONN_CNF\000"
 755      455F4556 
 755      545F4C32 
 755      4341505F 
 755      43424643 
 756              	.LASF38:
 757 04be 4359424C 		.ascii	"CYBLE_EVT_GAP_ENHANCE_CONN_COMPLETE\000"
 757      455F4556 
 757      545F4741 
 757      505F454E 
 757      48414E43 
 758              	.LASF12:
 759 04e2 6C6F6E67 		.ascii	"long double\000"
 759      20646F75 
 759      626C6500 
 760              	.LASF70:
 761 04ee 4359424C 		.ascii	"CYBLE_EVT_L2CAP_CONN_PARAM_UPDATE_REQ\000"
 761      455F4556 
 761      545F4C32 
 761      4341505F 
 761      434F4E4E 
 762              	.LASF1:
 763 0514 756E7369 		.ascii	"unsigned char\000"
 763      676E6564 
 763      20636861 
 763      7200
 764              	.LASF92:
 765 0522 63757374 		.ascii	"customServInfo\000"
 765      6F6D5365 
 765      7276496E 
 765      666F00
 766              	.LASF60:
 767 0531 4359424C 		.ascii	"CYBLE_EVT_GATTS_PREP_WRITE_REQ\000"
 767      455F4556 
 767      545F4741 
 767      5454535F 
 767      50524550 
 768              	.LASF82:
 769 0550 4359424C 		.ascii	"CYBLE_EVT_LE_PING_AUTH_TIMEOUT\000"
 769      455F4556 
 769      545F4C45 
 769      5F50494E 
 769      475F4155 
 770              	.LASF52:
 771 056f 4359424C 		.ascii	"CYBLE_EVT_GATTC_FIND_INFO_RSP\000"
 771      455F4556 
 771      545F4741 
 771      5454435F 
 771      46494E44 
 772              	.LASF0:
ARM GAS  C:\Users\Jack\AppData\Local\Temp\ccnbjR7P.s 			page 20


 773 058d 7369676E 		.ascii	"signed char\000"
 773      65642063 
 773      68617200 
 774              	.LASF57:
 775 0599 4359424C 		.ascii	"CYBLE_EVT_GATTS_WRITE_REQ\000"
 775      455F4556 
 775      545F4741 
 775      5454535F 
 775      57524954 
 776              	.LASF53:
 777 05b3 4359424C 		.ascii	"CYBLE_EVT_GATTC_FIND_BY_TYPE_VALUE_RSP\000"
 777      455F4556 
 777      545F4741 
 777      5454435F 
 777      46494E44 
 778              	.LASF25:
 779 05da 4359424C 		.ascii	"CYBLE_EVT_GAP_AUTH_COMPLETE\000"
 779      455F4556 
 779      545F4741 
 779      505F4155 
 779      54485F43 
 780              	.LASF8:
 781 05f6 756E7369 		.ascii	"unsigned int\000"
 781      676E6564 
 781      20696E74 
 781      00
 782              	.LASF46:
 783 0603 4359424C 		.ascii	"CYBLE_EVT_GATT_CONNECT_IND\000"
 783      455F4556 
 783      545F4741 
 783      54545F43 
 783      4F4E4E45 
 784              	.LASF5:
 785 061e 6C6F6E67 		.ascii	"long unsigned int\000"
 785      20756E73 
 785      69676E65 
 785      6420696E 
 785      7400
 786              	.LASF22:
 787 0630 4359424C 		.ascii	"CYBLE_EVT_GAP_AUTH_REQ\000"
 787      455F4556 
 787      545F4741 
 787      505F4155 
 787      54485F52 
 788              	.LASF75:
 789 0647 4359424C 		.ascii	"CYBLE_EVT_L2CAP_CBFC_DISCONN_IND\000"
 789      455F4556 
 789      545F4C32 
 789      4341505F 
 789      43424643 
 790              	.LASF30:
 791 0668 4359424C 		.ascii	"CYBLE_EVT_GAP_ENCRYPT_CHANGE\000"
 791      455F4556 
 791      545F4741 
 791      505F454E 
 791      43525950 
 792              	.LASF41:
ARM GAS  C:\Users\Jack\AppData\Local\Temp\ccnbjR7P.s 			page 21


 793 0685 4359424C 		.ascii	"CYBLE_EVT_GAP_CONN_ESTB\000"
 793      455F4556 
 793      545F4741 
 793      505F434F 
 793      4E4E5F45 
 794              	.LASF69:
 795 069d 4359424C 		.ascii	"CYBLE_EVT_GATTC_LONG_PROCEDURE_END\000"
 795      455F4556 
 795      545F4741 
 795      5454435F 
 795      4C4F4E47 
 796              	.LASF33:
 797 06c0 4359424C 		.ascii	"CYBLE_EVT_GAP_KEYINFO_EXCHNGE_CMPLT\000"
 797      455F4556 
 797      545F4741 
 797      505F4B45 
 797      59494E46 
 798              	.LASF84:
 799 06e4 4359424C 		.ascii	"CYBLE_EVT_FLASH_CORRUPT\000"
 799      455F4556 
 799      545F464C 
 799      4153485F 
 799      434F5252 
 800              	.LASF31:
 801 06fc 4359424C 		.ascii	"CYBLE_EVT_GAP_CONNECTION_UPDATE_COMPLETE\000"
 801      455F4556 
 801      545F4741 
 801      505F434F 
 801      4E4E4543 
 802              	.LASF40:
 803 0725 4359424C 		.ascii	"CYBLE_EVT_GAP_SMP_NEGOTIATED_AUTH_INFO\000"
 803      455F4556 
 803      545F4741 
 803      505F534D 
 803      505F4E45 
 804              	.LASF11:
 805 074c 63686172 		.ascii	"char\000"
 805      00
 806              	.LASF72:
 807 0751 4359424C 		.ascii	"CYBLE_EVT_L2CAP_COMMAND_REJ\000"
 807      455F4556 
 807      545F4C32 
 807      4341505F 
 807      434F4D4D 
 808              	.LASF3:
 809 076d 73686F72 		.ascii	"short unsigned int\000"
 809      7420756E 
 809      7369676E 
 809      65642069 
 809      6E7400
 810              	.LASF39:
 811 0780 4359424C 		.ascii	"CYBLE_EVT_GAPC_DIRECT_ADV_REPORT\000"
 811      455F4556 
 811      545F4741 
 811      50435F44 
 811      49524543 
 812              	.LASF55:
ARM GAS  C:\Users\Jack\AppData\Local\Temp\ccnbjR7P.s 			page 22


 813 07a1 4359424C 		.ascii	"CYBLE_EVT_GATTC_READ_BLOB_RSP\000"
 813      455F4556 
 813      545F4741 
 813      5454435F 
 813      52454144 
 814              	.LASF96:
 815 07bf 433A5C55 		.ascii	"C:\\Users\\Jack\\Documents\\PSoC Creator\\LED capse"
 815      73657273 
 815      5C4A6163 
 815      6B5C446F 
 815      63756D65 
 816 07ed 6E736520 		.ascii	"nse slider\\PSoC_4_BLE_CapSense_Slider_LED01\\PSoC_"
 816      736C6964 
 816      65725C50 
 816      536F435F 
 816      345F424C 
 817 081e 345F424C 		.ascii	"4_BLE_CapSense_Slider_LED01.cydsn\000"
 817      455F4361 
 817      7053656E 
 817      73655F53 
 817      6C696465 
 818              	.LASF32:
 819 0840 4359424C 		.ascii	"CYBLE_EVT_GAPC_SCAN_START_STOP\000"
 819      455F4556 
 819      545F4741 
 819      50435F53 
 819      43414E5F 
 820              	.LASF81:
 821 085f 4359424C 		.ascii	"CYBLE_EVT_PENDING_FLASH_WRITE\000"
 821      455F4556 
 821      545F5045 
 821      4E44494E 
 821      475F464C 
 822              	.LASF78:
 823 087d 4359424C 		.ascii	"CYBLE_EVT_L2CAP_CBFC_RX_CREDIT_IND\000"
 823      455F4556 
 823      545F4C32 
 823      4341505F 
 823      43424643 
 824              	.LASF10:
 825 08a0 646F7562 		.ascii	"double\000"
 825      6C6500
 826              	.LASF79:
 827 08a7 4359424C 		.ascii	"CYBLE_EVT_L2CAP_CBFC_TX_CREDIT_IND\000"
 827      455F4556 
 827      545F4C32 
 827      4341505F 
 827      43424643 
 828              	.LASF88:
 829 08ca 63757374 		.ascii	"customServCharHandle\000"
 829      6F6D5365 
 829      72764368 
 829      61724861 
 829      6E646C65 
 830              	.LASF42:
 831 08df 4359424C 		.ascii	"CYBLE_EVT_GAP_SCAN_REQ_RECVD\000"
 831      455F4556 
ARM GAS  C:\Users\Jack\AppData\Local\Temp\ccnbjR7P.s 			page 23


 831      545F4741 
 831      505F5343 
 831      414E5F52 
 832              	.LASF27:
 833 08fc 4359424C 		.ascii	"CYBLE_EVT_GAPP_ADVERTISEMENT_START_STOP\000"
 833      455F4556 
 833      545F4741 
 833      50505F41 
 833      44564552 
 834              	.LASF17:
 835 0924 4359424C 		.ascii	"CYBLE_EVT_HARDWARE_ERROR\000"
 835      455F4556 
 835      545F4841 
 835      52445741 
 835      52455F45 
 836              	.LASF77:
 837 093d 4359424C 		.ascii	"CYBLE_EVT_L2CAP_CBFC_DATA_READ\000"
 837      455F4556 
 837      545F4C32 
 837      4341505F 
 837      43424643 
 838              	.LASF71:
 839 095c 4359424C 		.ascii	"CYBLE_EVT_L2CAP_CONN_PARAM_UPDATE_RSP\000"
 839      455F4556 
 839      545F4C32 
 839      4341505F 
 839      434F4E4E 
 840              	.LASF21:
 841 0982 4359424C 		.ascii	"CYBLE_EVT_GAPC_SCAN_PROGRESS_RESULT\000"
 841      455F4556 
 841      545F4741 
 841      50435F53 
 841      43414E5F 
 842              	.LASF50:
 843 09a6 4359424C 		.ascii	"CYBLE_EVT_GATTC_READ_BY_GROUP_TYPE_RSP\000"
 843      455F4556 
 843      545F4741 
 843      5454435F 
 843      52454144 
 844              	.LASF59:
 845 09cd 4359424C 		.ascii	"CYBLE_EVT_GATTS_WRITE_CMD_REQ\000"
 845      455F4556 
 845      545F4741 
 845      5454535F 
 845      57524954 
 846              	.LASF51:
 847 09eb 4359424C 		.ascii	"CYBLE_EVT_GATTC_READ_BY_TYPE_RSP\000"
 847      455F4556 
 847      545F4741 
 847      5454435F 
 847      52454144 
 848              	.LASF49:
 849 0a0c 4359424C 		.ascii	"CYBLE_EVT_GATTC_XCHNG_MTU_RSP\000"
 849      455F4556 
 849      545F4741 
 849      5454435F 
 849      5843484E 
ARM GAS  C:\Users\Jack\AppData\Local\Temp\ccnbjR7P.s 			page 24


 850              	.LASF80:
 851 0a2a 4359424C 		.ascii	"CYBLE_EVT_L2CAP_CBFC_DATA_WRITE_IND\000"
 851      455F4556 
 851      545F4C32 
 851      4341505F 
 851      43424643 
 852              	.LASF16:
 853 0a4e 4359424C 		.ascii	"CYBLE_EVT_TIMEOUT\000"
 853      455F4556 
 853      545F5449 
 853      4D454F55 
 853      5400
 854              	.LASF85:
 855 0a60 4359424C 		.ascii	"CYBLE_EVT_MAX\000"
 855      455F4556 
 855      545F4D41 
 855      5800
 856              	.LASF68:
 857 0a6e 4359424C 		.ascii	"CYBLE_EVT_GATTS_READ_CHAR_VAL_ACCESS_REQ\000"
 857      455F4556 
 857      545F4741 
 857      5454535F 
 857      52454144 
 858              	.LASF67:
 859 0a97 4359424C 		.ascii	"CYBLE_EVT_GATTC_STOP_CMD_COMPLETE\000"
 859      455F4556 
 859      545F4741 
 859      5454435F 
 859      53544F50 
 860              	.LASF61:
 861 0ab9 4359424C 		.ascii	"CYBLE_EVT_GATTS_EXEC_WRITE_REQ\000"
 861      455F4556 
 861      545F4741 
 861      5454535F 
 861      45584543 
 862              	.LASF87:
 863 0ad8 4359424C 		.ascii	"CYBLE_GATT_DB_ATTR_HANDLE_T\000"
 863      455F4741 
 863      54545F44 
 863      425F4154 
 863      54525F48 
 864              	.LASF98:
 865 0af4 6379426C 		.ascii	"cyBle_customs\000"
 865      655F6375 
 865      73746F6D 
 865      7300
 866              	.LASF66:
 867 0b02 4359424C 		.ascii	"CYBLE_EVT_GATTS_DATA_SIGNED_CMD_REQ\000"
 867      455F4556 
 867      545F4741 
 867      5454535F 
 867      44415441 
 868              	.LASF83:
 869 0b26 4359424C 		.ascii	"CYBLE_EVT_HCI_PKT\000"
 869      455F4556 
 869      545F4843 
 869      495F504B 
ARM GAS  C:\Users\Jack\AppData\Local\Temp\ccnbjR7P.s 			page 25


 869      5400
 870              	.LASF36:
 871 0b38 4359424C 		.ascii	"CYBLE_EVT_GAP_OOB_GENERATED_NOTIFICATION\000"
 871      455F4556 
 871      545F4741 
 871      505F4F4F 
 871      425F4745 
 872              		.ident	"GCC: (GNU Tools for ARM Embedded Processors) 5.4.1 20160609 (release) [ARM/embedded-5-bran
