ARM GAS  C:\Users\Jack\AppData\Local\Temp\ccmLm21n.s 			page 1


   1              		.syntax unified
   2              		.cpu cortex-m0
   3              		.fpu softvfp
   4              		.eabi_attribute 20, 1
   5              		.eabi_attribute 21, 1
   6              		.eabi_attribute 23, 3
   7              		.eabi_attribute 24, 1
   8              		.eabi_attribute 25, 1
   9              		.eabi_attribute 26, 1
  10              		.eabi_attribute 30, 6
  11              		.eabi_attribute 34, 0
  12              		.eabi_attribute 18, 4
  13              		.thumb
  14              		.syntax unified
  15              		.file	"main.c"
  16              		.text
  17              	.Ltext0:
  18              		.cfi_sections	.debug_frame
  19              		.global	initializeCapSenseBaseline
  20              		.data
  21              		.type	initializeCapSenseBaseline, %object
  22              		.size	initializeCapSenseBaseline, 1
  23              	initializeCapSenseBaseline:
  24 0000 01       		.byte	1
  25              		.section	.text.main,"ax",%progbits
  26              		.align	2
  27              		.global	main
  28              		.code	16
  29              		.thumb_func
  30              		.type	main, %function
  31              	main:
  32              	.LFB35:
  33              		.file 1 "main.c"
   1:main.c        **** /******************************************************************************
   2:main.c        **** * Project Name		: PSoC_4_BLE_CapSense_Slider_LED
   3:main.c        **** * File Name			: main.c
   4:main.c        **** * Version 			: 1.0
   5:main.c        **** * Device Used		: CY8C4248LQI-BL583
   6:main.c        **** * Software Used		: PSoC Creator 4.2
   7:main.c        **** * Compiler    		: ARM GCC 5.4.1
   8:main.c        **** * Related Hardware	: CY8CKIT-042-BLE-A Bluetooth Low Energy Pioneer Kit
   9:main.c        **** ******************************************************************************
  10:main.c        **** * Copyright (2018), Cypress Semiconductor Corporation. All rights reserved.
  11:main.c        **** *******************************************************************************
  12:main.c        **** * This software, including source code, documentation and related materials
  13:main.c        **** * (“Software”), is owned by Cypress Semiconductor Corporation or one of its
  14:main.c        **** * subsidiaries (“Cypress”) and is protected by and subject to worldwide patent
  15:main.c        **** * protection (United States and foreign), United States copyright laws and
  16:main.c        **** * international treaty provisions. Therefore, you may use this Software only
  17:main.c        **** * as provided in the license agreement accompanying the software package from
  18:main.c        **** * which you obtained this Software (“EULA”).
  19:main.c        **** *
  20:main.c        **** * If no EULA applies, Cypress hereby grants you a personal, nonexclusive,
  21:main.c        **** * non-transferable license to copy, modify, and compile the Software source
  22:main.c        **** * code solely for use in connection with Cypress’s integrated circuit products.
  23:main.c        **** * Any reproduction, modification, translation, compilation, or representation
  24:main.c        **** * of this Software except as specified above is prohibited without the express
ARM GAS  C:\Users\Jack\AppData\Local\Temp\ccmLm21n.s 			page 2


  25:main.c        **** * written permission of Cypress.
  26:main.c        **** *
  27:main.c        **** * Disclaimer: THIS SOFTWARE IS PROVIDED AS-IS, WITH NO WARRANTY OF ANY KIND, 
  28:main.c        **** * EXPRESS OR IMPLIED, INCLUDING, BUT NOT LIMITED TO, NONINFRINGEMENT, IMPLIED 
  29:main.c        **** * WARRANTIES OF MERCHANTABILITY AND FITNESS FOR A PARTICULAR PURPOSE. Cypress 
  30:main.c        **** * reserves the right to make changes to the Software without notice. Cypress 
  31:main.c        **** * does not assume any liability arising out of the application or use of the 
  32:main.c        **** * Software or any product or circuit described in the Software. Cypress does 
  33:main.c        **** * not authorize its products for use in any products where a malfunction or 
  34:main.c        **** * failure of the Cypress product may reasonably be expected to result in 
  35:main.c        **** * significant property damage, injury or death (“High Risk Product”). By 
  36:main.c        **** * including Cypress’s product in a High Risk Product, the manufacturer of such 
  37:main.c        **** * system or application assumes all risk of such use and in doing so agrees to 
  38:main.c        **** * indemnify Cypress against all liability.
  39:main.c        **** *******************************************************************************/
  40:main.c        **** 
  41:main.c        **** /******************************************************************************
  42:main.c        **** *                           THEORY OF OPERATION
  43:main.c        **** *******************************************************************************
  44:main.c        **** * This project will showcase the capability of PSoC 4 BLE to communicate 
  45:main.c        **** * bi-directionally with a BLE Central device over custom services. The CapSense 
  46:main.c        **** * custom service allows notifications to be sent to the central device when 
  47:main.c        **** * notifications are enabled. On the other hand, the RGB LED custom service allows 
  48:main.c        **** * read and write of attributes under the RGB characteristics.
  49:main.c        **** * This project utilizes CapSense component to check finger position on slider 
  50:main.c        **** * and report this to the central device over BLE. On the other hand, the control  
  51:main.c        **** * values sent to PSoC 4 BLE are converted to respective color and intensity on the   
  52:main.c        **** * onboard RGB LED. The BLE central device can be any BLE central device, including  
  53:main.c        **** * CySmart mobile app or CySmart PC tool. 
  54:main.c        **** * This project also includes low power mode operation, ideal for battery operated 
  55:main.c        **** * devices. The project utilizes Deep Sleep feature of both BLESS and CPU to remain 
  56:main.c        **** * in low power mode as much as possible, while maintaining the BLE connection and  
  57:main.c        **** * data transfer. This allows the device to run on coin cell battery for long time.
  58:main.c        **** *
  59:main.c        **** * Note:
  60:main.c        **** * The programming pins have been configured as GPIO, and not SWD. This is because 
  61:main.c        **** * the silicon consumes extra power through the pins when the programming pins are
  62:main.c        **** * configured for SWD. To prevent the leakage of power, the pins have been set 
  63:main.c        **** * to GPIO. With this setting, the kit can still be acquired by PSoC Creator or
  64:main.c        **** * PSoC Programmer software tools for programming, but the project cannot be 
  65:main.c        **** * externally debugged. To re-enable debugging, go to PSoC_4_BLE_CapSense_Slider_LED.cydwr 
  66:main.c        **** * from Workspace Explorer, go to Systems tab, and set the Debug Select option to 'SWD'.
  67:main.c        **** * Build and program this project to enable external Debugging.
  68:main.c        **** *
  69:main.c        **** * Refer to CY8CKIT-042-BLE-A Pioneer Kit guide for details.
  70:main.c        **** *******************************************************************************
  71:main.c        **** * Hardware connection required for testing -
  72:main.c        **** * Slider pins 	- P2[1]-P2[5] (hard-wired on the BLE Pioneer kit)
  73:main.c        **** * Cmod pin		- P4[0] (hard-wired on the PSoC 4 BLE module)
  74:main.c        **** * R-G-B LED 	- P2[6], P3[6] and P3[7] (hard-wired on the BLE Pioneer kit)
  75:main.c        **** * User Switch	- P2[7] (hard-wired on the BLE Pioneer kit)
  76:main.c        **** ******************************************************************************/
  77:main.c        **** #include <main.h>
  78:main.c        **** 
  79:main.c        **** /* This flag is used by application to know whether a Central 
  80:main.c        **** * device has been connected. This is updated in BLE event callback 
  81:main.c        **** * function*/
ARM GAS  C:\Users\Jack\AppData\Local\Temp\ccmLm21n.s 			page 3


  82:main.c        **** extern uint8 deviceConnected;
  83:main.c        **** 
  84:main.c        **** /*This flag is set when the Central device writes to CCCD of the 
  85:main.c        **** * CapSense slider Characteristic to enable notifications */
  86:main.c        **** extern uint8 sendCapSenseSliderNotifications;
  87:main.c        **** 
  88:main.c        **** /* 'restartAdvertisement' flag is used to restart advertisement */
  89:main.c        **** extern uint8 restartAdvertisement;
  90:main.c        **** 
  91:main.c        **** /* 'initializeCapSenseBaseline' flag is used to call the function that initializes 
  92:main.c        **** * all CapSense baselines, once. The baseline is initialized when the first advertisement 
  93:main.c        **** * is started. This is done so that any external disturbance while powering the kit does 
  94:main.c        **** * not influence the baseline value, that may cause wrong readings. */
  95:main.c        **** uint8 initializeCapSenseBaseline = TRUE;
  96:main.c        **** 
  97:main.c        **** /*******************************************************************************
  98:main.c        **** * Function Name: main
  99:main.c        **** ********************************************************************************
 100:main.c        **** * Summary:
 101:main.c        **** *        System entrance point. This calls the initializing function and
 102:main.c        **** * continuously processes BLE and CapSense events.
 103:main.c        **** *
 104:main.c        **** * Parameters:
 105:main.c        **** *  void
 106:main.c        **** *
 107:main.c        **** * Return:
 108:main.c        **** *  int
 109:main.c        **** *
 110:main.c        **** 
 111:main.c        **** *******************************************************************************/
 112:main.c        **** int main()
 113:main.c        **** {
  34              		.loc 1 113 0
  35              		.cfi_startproc
  36              		@ args = 0, pretend = 0, frame = 0
  37              		@ frame_needed = 1, uses_anonymous_args = 0
  38 0000 80B5     		push	{r7, lr}
  39              		.cfi_def_cfa_offset 8
  40              		.cfi_offset 7, -8
  41              		.cfi_offset 14, -4
  42 0002 00AF     		add	r7, sp, #0
  43              		.cfi_def_cfa_register 7
 114:main.c        **** 	/* This function will initialize the system resources such as BLE and CapSense */
 115:main.c        ****     InitializeSystem();
  44              		.loc 1 115 0
  45 0004 FFF7FEFF 		bl	InitializeSystem
  46              	.L5:
 116:main.c        **** 	
 117:main.c        ****     for(;;)
 118:main.c        ****     {
 119:main.c        ****         /*Process event callback to handle BLE events. The events generated and 
 120:main.c        **** 		* used for this application are inside the 'CustomEventHandler' routine*/
 121:main.c        ****         CyBle_ProcessEvents();
  47              		.loc 1 121 0
  48 0008 FFF7FEFF 		bl	CyBle_ProcessEvents
 122:main.c        **** 		
 123:main.c        **** 		/* Updated LED for status during BLE active states */
ARM GAS  C:\Users\Jack\AppData\Local\Temp\ccmLm21n.s 			page 4


 124:main.c        **** 		HandleStatusLED();
  49              		.loc 1 124 0
  50 000c FFF7FEFF 		bl	HandleStatusLED
 125:main.c        **** 		
 126:main.c        **** 		if(TRUE == deviceConnected)
  51              		.loc 1 126 0
  52 0010 134B     		ldr	r3, .L6
  53 0012 1B78     		ldrb	r3, [r3]
  54 0014 012B     		cmp	r3, #1
  55 0016 0CD1     		bne	.L2
 127:main.c        **** 		{
 128:main.c        **** 			/* After the connection, send new connection parameter to the Client device 
 129:main.c        **** 			* to run the BLE communication on desired interval. This affects the data rate 
 130:main.c        **** 			* and power consumption. High connection interval will have lower data rate but 
 131:main.c        **** 			* lower power consumption. Low connection interval will have higher data rate at
 132:main.c        **** 			* expense of higher power. This function is called only once per connection. */
 133:main.c        **** 			UpdateConnectionParam();
  56              		.loc 1 133 0
  57 0018 FFF7FEFF 		bl	UpdateConnectionParam
 134:main.c        **** 			
 135:main.c        **** 			/* Send CapSense Slider data when respective notification is enabled */
 136:main.c        **** 			if(sendCapSenseSliderNotifications == CCCD_NTF_BIT_MASK)
  58              		.loc 1 136 0
  59 001c 114B     		ldr	r3, .L6+4
  60 001e 1B78     		ldrb	r3, [r3]
  61 0020 012B     		cmp	r3, #1
  62 0022 06D1     		bne	.L2
 137:main.c        **** 			{
 138:main.c        **** 				#ifdef ENABLE_LOW_POWER_MODE
 139:main.c        ****                 if(CYBLE_BLESS_STATE_ECO_STABLE == CyBle_GetBleSsState())
  63              		.loc 1 139 0
  64 0024 FFF7FEFF 		bl	CyBle_GetBleSsState
  65 0028 0300     		movs	r3, r0
  66 002a 052B     		cmp	r3, #5
  67 002c 01D1     		bne	.L2
 140:main.c        ****                 #endif
 141:main.c        **** 				{
 142:main.c        **** 					/* Check for CapSense slider swipe and send data accordingly */
 143:main.c        **** 					HandleCapSenseSlider();
  68              		.loc 1 143 0
  69 002e FFF7FEFF 		bl	HandleCapSenseSlider
  70              	.L2:
 144:main.c        **** 				}
 145:main.c        **** 			}
 146:main.c        **** 		}
 147:main.c        **** 		
 148:main.c        **** 		#ifdef ENABLE_LOW_POWER_MODE
 149:main.c        **** 			/* Put system to Deep sleep, including BLESS, and wakeup on interrupt. 
 150:main.c        **** 			* The source of the interrupt can either be BLESS Link Layer in case of 
 151:main.c        **** 			* BLE advertisement and connection or by User Button press during BLE 
 152:main.c        **** 			* disconnection */
 153:main.c        **** 			HandleLowPowerMode();
  71              		.loc 1 153 0
  72 0032 FFF7FEFF 		bl	HandleLowPowerMode
 154:main.c        **** 		#endif
 155:main.c        **** 		
 156:main.c        **** 		if(restartAdvertisement)
ARM GAS  C:\Users\Jack\AppData\Local\Temp\ccmLm21n.s 			page 5


  73              		.loc 1 156 0
  74 0036 0C4B     		ldr	r3, .L6+8
  75 0038 1B78     		ldrb	r3, [r3]
  76 003a 002B     		cmp	r3, #0
  77 003c E4D0     		beq	.L5
 157:main.c        **** 		{
 158:main.c        **** 			/* Reset 'restartAdvertisement' flag*/
 159:main.c        **** 			restartAdvertisement = FALSE;
  78              		.loc 1 159 0
  79 003e 0A4B     		ldr	r3, .L6+8
  80 0040 0022     		movs	r2, #0
  81 0042 1A70     		strb	r2, [r3]
 160:main.c        **** 			
 161:main.c        **** 			/* If CapSense Initialize Baseline API has not been called yet, call the
 162:main.c        **** 			* API and reset the flag. */
 163:main.c        **** 			if(initializeCapSenseBaseline)
  82              		.loc 1 163 0
  83 0044 094B     		ldr	r3, .L6+12
  84 0046 1B78     		ldrb	r3, [r3]
  85 0048 002B     		cmp	r3, #0
  86 004a 04D0     		beq	.L4
 164:main.c        **** 			{
 165:main.c        **** 				/* Reset 'initializeCapSenseBaseline' flag*/
 166:main.c        **** 				initializeCapSenseBaseline = FALSE;
  87              		.loc 1 166 0
  88 004c 074B     		ldr	r3, .L6+12
  89 004e 0022     		movs	r2, #0
  90 0050 1A70     		strb	r2, [r3]
 167:main.c        **** 				
 168:main.c        **** 				/* Initialize all CapSense Baselines */
 169:main.c        **** 				CapSense_InitializeAllBaselines();
  91              		.loc 1 169 0
  92 0052 FFF7FEFF 		bl	CapSense_InitializeAllBaselines
  93              	.L4:
 170:main.c        **** 			}
 171:main.c        **** 
 172:main.c        **** 			/* Start Advertisement and enter Discoverable mode*/
 173:main.c        **** 			CyBle_GappStartAdvertisement(CYBLE_ADVERTISING_FAST);	
  94              		.loc 1 173 0
  95 0056 0020     		movs	r0, #0
  96 0058 FFF7FEFF 		bl	CyBle_GappStartAdvertisement
 174:main.c        **** 		}
 175:main.c        ****     }	/* End of for(;;) */
  97              		.loc 1 175 0
  98 005c D4E7     		b	.L5
  99              	.L7:
 100 005e C046     		.align	2
 101              	.L6:
 102 0060 00000000 		.word	deviceConnected
 103 0064 00000000 		.word	sendCapSenseSliderNotifications
 104 0068 00000000 		.word	restartAdvertisement
 105 006c 00000000 		.word	initializeCapSenseBaseline
 106              		.cfi_endproc
 107              	.LFE35:
 108              		.size	main, .-main
 109              		.section	.text.InitializeSystem,"ax",%progbits
 110              		.align	2
ARM GAS  C:\Users\Jack\AppData\Local\Temp\ccmLm21n.s 			page 6


 111              		.global	InitializeSystem
 112              		.code	16
 113              		.thumb_func
 114              		.type	InitializeSystem, %function
 115              	InitializeSystem:
 116              	.LFB36:
 176:main.c        **** }
 177:main.c        **** 
 178:main.c        **** /*******************************************************************************
 179:main.c        **** * Function Name: InitializeSystem
 180:main.c        **** ********************************************************************************
 181:main.c        **** * Summary:
 182:main.c        **** *        Start the components and initialize system 
 183:main.c        **** *
 184:main.c        **** * Parameters:
 185:main.c        **** *  void
 186:main.c        **** *
 187:main.c        **** * Return:
 188:main.c        **** *  void
 189:main.c        **** *
 190:main.c        **** *******************************************************************************/
 191:main.c        **** void InitializeSystem(void)
 192:main.c        **** {
 117              		.loc 1 192 0
 118              		.cfi_startproc
 119              		@ args = 0, pretend = 0, frame = 0
 120              		@ frame_needed = 1, uses_anonymous_args = 0
 121 0000 80B5     		push	{r7, lr}
 122              		.cfi_def_cfa_offset 8
 123              		.cfi_offset 7, -8
 124              		.cfi_offset 14, -4
 125 0002 00AF     		add	r7, sp, #0
 126              		.cfi_def_cfa_register 7
 193:main.c        **** 	/* Enable global interrupt mask */
 194:main.c        **** 	CyGlobalIntEnable; 
 127              		.loc 1 194 0
 128              		.syntax divided
 129              	@ 194 "main.c" 1
 130 0004 62B6     		CPSIE   i
 131              	@ 0 "" 2
 195:main.c        **** 			
 196:main.c        **** 	/* Start BLE component and register the CustomEventHandler function. This 
 197:main.c        **** 	* function exposes the events from BLE component for application use */
 198:main.c        ****     CyBle_Start(CustomEventHandler);
 132              		.loc 1 198 0
 133              		.thumb
 134              		.syntax unified
 135 0006 154B     		ldr	r3, .L9
 136 0008 1800     		movs	r0, r3
 137 000a FFF7FEFF 		bl	CyBle_Start
 199:main.c        **** 	
 200:main.c        **** 	/* Start the PrISM component for LED control*/
 201:main.c        ****     PrISM_1_Start();
 138              		.loc 1 201 0
 139 000e FFF7FEFF 		bl	PrISM_1_Start
 202:main.c        ****     PrISM_2_Start();
 140              		.loc 1 202 0
ARM GAS  C:\Users\Jack\AppData\Local\Temp\ccmLm21n.s 			page 7


 141 0012 FFF7FEFF 		bl	PrISM_2_Start
 203:main.c        **** 	
 204:main.c        **** 	/* The RGB LED on BLE Pioneer kit is active low. Drive HIGH on 
 205:main.c        **** 		pins for OFF and drive LOW on pins for ON*/
 206:main.c        **** 	PrISM_1_WritePulse0(RGB_LED_OFF);
 142              		.loc 1 206 0
 143 0016 FF20     		movs	r0, #255
 144 0018 FFF7FEFF 		bl	PrISM_1_WritePulse0
 207:main.c        **** 	PrISM_1_WritePulse1(RGB_LED_OFF);
 145              		.loc 1 207 0
 146 001c FF20     		movs	r0, #255
 147 001e FFF7FEFF 		bl	PrISM_1_WritePulse1
 208:main.c        **** 	PrISM_2_WritePulse0(RGB_LED_OFF);
 148              		.loc 1 208 0
 149 0022 FF20     		movs	r0, #255
 150 0024 FFF7FEFF 		bl	PrISM_2_WritePulse0
 209:main.c        **** 	
 210:main.c        **** 	/* Set Drive mode of output pins from HiZ to Strong */
 211:main.c        **** 	RED_SetDriveMode(RED_DM_STRONG);
 151              		.loc 1 211 0
 152 0028 0620     		movs	r0, #6
 153 002a FFF7FEFF 		bl	RED_SetDriveMode
 212:main.c        **** 	GREEN_SetDriveMode(GREEN_DM_STRONG);
 154              		.loc 1 212 0
 155 002e 0620     		movs	r0, #6
 156 0030 FFF7FEFF 		bl	GREEN_SetDriveMode
 213:main.c        **** 	BLUE_SetDriveMode(BLUE_DM_STRONG);
 157              		.loc 1 213 0
 158 0034 0620     		movs	r0, #6
 159 0036 FFF7FEFF 		bl	BLUE_SetDriveMode
 214:main.c        **** 	
 215:main.c        **** 	/* Start the Button ISR to allow wakeup from sleep */
 216:main.c        **** 	isr_button_StartEx(MyISR);
 160              		.loc 1 216 0
 161 003a 094B     		ldr	r3, .L9+4
 162 003c 1800     		movs	r0, r3
 163 003e FFF7FEFF 		bl	isr_button_StartEx
 217:main.c        **** 	
 218:main.c        **** 	#ifdef CAPSENSE_ENABLED
 219:main.c        **** 	/*Initialize CapSense component and initialize baselines*/
 220:main.c        **** 	CapSense_Start();
 164              		.loc 1 220 0
 165 0042 FFF7FEFF 		bl	CapSense_Start
 221:main.c        **** 	CapSense_InitializeAllBaselines();
 166              		.loc 1 221 0
 167 0046 FFF7FEFF 		bl	CapSense_InitializeAllBaselines
 222:main.c        **** 	#endif
 223:main.c        **** 	
 224:main.c        **** 	/* Set the Watchdog Interrupt vector to the address of Interrupt routine 
 225:main.c        **** 	* WDT_INT_Handler. This routine counts the 3 seconds for LED ON state during
 226:main.c        **** 	* connection. */
 227:main.c        **** 	CyIntSetVector(WATCHDOG_INT_VEC_NUM, &WDT_INT_Handler);
 168              		.loc 1 227 0
 169 004a 064B     		ldr	r3, .L9+8
 170 004c 1900     		movs	r1, r3
 171 004e 0820     		movs	r0, #8
 172 0050 FFF7FEFF 		bl	CyIntSetVector
ARM GAS  C:\Users\Jack\AppData\Local\Temp\ccmLm21n.s 			page 8


 228:main.c        **** 
 229:main.c        **** }
 173              		.loc 1 229 0
 174 0054 C046     		nop
 175 0056 BD46     		mov	sp, r7
 176              		@ sp needed
 177 0058 80BD     		pop	{r7, pc}
 178              	.L10:
 179 005a C046     		.align	2
 180              	.L9:
 181 005c 00000000 		.word	CustomEventHandler
 182 0060 00000000 		.word	MyISR
 183 0064 00000000 		.word	WDT_INT_Handler
 184              		.cfi_endproc
 185              	.LFE36:
 186              		.size	InitializeSystem, .-InitializeSystem
 187              		.section	.text.HandleCapSenseSlider,"ax",%progbits
 188              		.align	2
 189              		.global	HandleCapSenseSlider
 190              		.code	16
 191              		.thumb_func
 192              		.type	HandleCapSenseSlider, %function
 193              	HandleCapSenseSlider:
 194              	.LFB37:
 230:main.c        **** 
 231:main.c        **** /*******************************************************************************
 232:main.c        **** * Function Name: HandleCapSenseSlider
 233:main.c        **** ********************************************************************************
 234:main.c        **** * Summary:
 235:main.c        **** *        This function scans for finger position on CapSense slider, and if the  
 236:main.c        **** * position is different, triggers separate routine for BLE notification
 237:main.c        **** *
 238:main.c        **** * Parameters:
 239:main.c        **** *  void
 240:main.c        **** *
 241:main.c        **** * Return:
 242:main.c        **** *  void
 243:main.c        **** *
 244:main.c        **** *******************************************************************************/
 245:main.c        **** void HandleCapSenseSlider(void)
 246:main.c        **** {
 195              		.loc 1 246 0
 196              		.cfi_startproc
 197              		@ args = 0, pretend = 0, frame = 8
 198              		@ frame_needed = 1, uses_anonymous_args = 0
 199 0000 90B5     		push	{r4, r7, lr}
 200              		.cfi_def_cfa_offset 12
 201              		.cfi_offset 4, -12
 202              		.cfi_offset 7, -8
 203              		.cfi_offset 14, -4
 204 0002 83B0     		sub	sp, sp, #12
 205              		.cfi_def_cfa_offset 24
 206 0004 00AF     		add	r7, sp, #0
 207              		.cfi_def_cfa_register 7
 247:main.c        **** 	#ifdef CAPSENSE_ENABLED
 248:main.c        **** 	/* Last read CapSense slider position value */
 249:main.c        **** 	static uint16 lastPosition;	
ARM GAS  C:\Users\Jack\AppData\Local\Temp\ccmLm21n.s 			page 9


 250:main.c        **** 
 251:main.c        **** 	/* Present slider position read by CapSense */
 252:main.c        **** 	uint16 sliderPosition;
 253:main.c        **** 		
 254:main.c        **** 	/* Scan the slider widget */
 255:main.c        **** 	CapSense_ScanWidget(CapSense_LINEARSLIDER0__LS);
 208              		.loc 1 255 0
 209 0006 0020     		movs	r0, #0
 210 0008 FFF7FEFF 		bl	CapSense_ScanWidget
 256:main.c        **** 	
 257:main.c        **** 	/* Wait for CapSense scanning to be complete. This could take about 5 ms */
 258:main.c        **** 	while(CapSense_IsBusy())
 211              		.loc 1 258 0
 212 000c 01E0     		b	.L12
 213              	.L13:
 259:main.c        **** 	{
 260:main.c        **** 		#ifdef ENABLE_LOW_POWER_MODE
 261:main.c        **** 		/* Put CPU to Sleep while CapSense scanning is executing */
 262:main.c        **** 		CySysPmSleep();
 214              		.loc 1 262 0
 215 000e FFF7FEFF 		bl	CySysPmSleep
 216              	.L12:
 258:main.c        **** 	{
 217              		.loc 1 258 0
 218 0012 FFF7FEFF 		bl	CapSense_IsBusy
 219 0016 031E     		subs	r3, r0, #0
 220 0018 F9D1     		bne	.L13
 263:main.c        **** 		#endif
 264:main.c        **** 	}
 265:main.c        **** 	
 266:main.c        **** 	/* Update CapSense baseline for next reading*/
 267:main.c        **** 	CapSense_UpdateEnabledBaselines();
 221              		.loc 1 267 0
 222 001a FFF7FEFF 		bl	CapSense_UpdateEnabledBaselines
 268:main.c        **** 	
 269:main.c        **** 	/* Read the finger position on the slider */
 270:main.c        **** 	sliderPosition = CapSense_GetCentroidPos(CapSense_LINEARSLIDER0__LS);	
 223              		.loc 1 270 0
 224 001e BC1D     		adds	r4, r7, #6
 225 0020 0020     		movs	r0, #0
 226 0022 FFF7FEFF 		bl	CapSense_GetCentroidPos
 227 0026 0300     		movs	r3, r0
 228 0028 2380     		strh	r3, [r4]
 271:main.c        **** 
 272:main.c        **** 	/* If finger position on the slider is changed then send data as BLE notifications */
 273:main.c        **** 	if(sliderPosition != lastPosition)
 229              		.loc 1 273 0
 230 002a 0E4B     		ldr	r3, .L18
 231 002c 1B88     		ldrh	r3, [r3]
 232 002e BA1D     		adds	r2, r7, #6
 233 0030 1288     		ldrh	r2, [r2]
 234 0032 9A42     		cmp	r2, r3
 235 0034 12D0     		beq	.L17
 274:main.c        **** 	{
 275:main.c        **** 		/*If finger is detected on the slider*/
 276:main.c        **** 		if((sliderPosition == NO_FINGER) || (sliderPosition <= SLIDER_MAX_VALUE))
 236              		.loc 1 276 0
ARM GAS  C:\Users\Jack\AppData\Local\Temp\ccmLm21n.s 			page 10


 237 0036 BB1D     		adds	r3, r7, #6
 238 0038 1B88     		ldrh	r3, [r3]
 239 003a 0B4A     		ldr	r2, .L18+4
 240 003c 9342     		cmp	r3, r2
 241 003e 03D0     		beq	.L15
 242              		.loc 1 276 0 is_stmt 0 discriminator 1
 243 0040 BB1D     		adds	r3, r7, #6
 244 0042 1B88     		ldrh	r3, [r3]
 245 0044 642B     		cmp	r3, #100
 246 0046 05D8     		bhi	.L16
 247              	.L15:
 277:main.c        **** 		{
 278:main.c        **** 			/* Send data over Slider Notification */
 279:main.c        **** 			SendDataOverCapSenseNotification((uint8)sliderPosition);
 248              		.loc 1 279 0 is_stmt 1
 249 0048 BB1D     		adds	r3, r7, #6
 250 004a 1B88     		ldrh	r3, [r3]
 251 004c DBB2     		uxtb	r3, r3
 252 004e 1800     		movs	r0, r3
 253 0050 FFF7FEFF 		bl	SendDataOverCapSenseNotification
 254              	.L16:
 280:main.c        **** 
 281:main.c        **** 		}	/* if(sliderPosition != NO_FINGER) */
 282:main.c        **** 		
 283:main.c        **** 		/* Update local static variable with present finger position on slider*/
 284:main.c        **** 		lastPosition = sliderPosition;
 255              		.loc 1 284 0
 256 0054 034B     		ldr	r3, .L18
 257 0056 BA1D     		adds	r2, r7, #6
 258 0058 1288     		ldrh	r2, [r2]
 259 005a 1A80     		strh	r2, [r3]
 260              	.L17:
 285:main.c        **** 		
 286:main.c        **** 	}	/* if(sliderPosition != lastPosition) */
 287:main.c        **** 	#endif
 288:main.c        **** }
 261              		.loc 1 288 0
 262 005c C046     		nop
 263 005e BD46     		mov	sp, r7
 264 0060 03B0     		add	sp, sp, #12
 265              		@ sp needed
 266 0062 90BD     		pop	{r4, r7, pc}
 267              	.L19:
 268              		.align	2
 269              	.L18:
 270 0064 00000000 		.word	lastPosition.7605
 271 0068 FFFF0000 		.word	65535
 272              		.cfi_endproc
 273              	.LFE37:
 274              		.size	HandleCapSenseSlider, .-HandleCapSenseSlider
 275              		.bss
 276              		.align	1
 277              	lastPosition.7605:
 278 0000 0000     		.space	2
 279              		.text
 280              	.Letext0:
 281              		.file 2 "Generated_Source\\PSoC4/cytypes.h"
ARM GAS  C:\Users\Jack\AppData\Local\Temp\ccmLm21n.s 			page 11


 282              		.file 3 "Generated_Source\\PSoC4/BLE_Stack.h"
 283              		.section	.debug_info,"",%progbits
 284              	.Ldebug_info0:
 285 0000 2C030000 		.4byte	0x32c
 286 0004 0400     		.2byte	0x4
 287 0006 00000000 		.4byte	.Ldebug_abbrev0
 288 000a 04       		.byte	0x4
 289 000b 01       		.uleb128 0x1
 290 000c DD040000 		.4byte	.LASF104
 291 0010 0C       		.byte	0xc
 292 0011 2F090000 		.4byte	.LASF105
 293 0015 8F080000 		.4byte	.LASF106
 294 0019 00000000 		.4byte	.Ldebug_ranges0+0
 295 001d 00000000 		.4byte	0
 296 0021 00000000 		.4byte	.Ldebug_line0
 297 0025 02       		.uleb128 0x2
 298 0026 01       		.byte	0x1
 299 0027 06       		.byte	0x6
 300 0028 58060000 		.4byte	.LASF0
 301 002c 02       		.uleb128 0x2
 302 002d 01       		.byte	0x1
 303 002e 08       		.byte	0x8
 304 002f EE050000 		.4byte	.LASF1
 305 0033 02       		.uleb128 0x2
 306 0034 02       		.byte	0x2
 307 0035 05       		.byte	0x5
 308 0036 1D010000 		.4byte	.LASF2
 309 003a 02       		.uleb128 0x2
 310 003b 02       		.byte	0x2
 311 003c 07       		.byte	0x7
 312 003d A0070000 		.4byte	.LASF3
 313 0041 02       		.uleb128 0x2
 314 0042 04       		.byte	0x4
 315 0043 05       		.byte	0x5
 316 0044 1C040000 		.4byte	.LASF4
 317 0048 02       		.uleb128 0x2
 318 0049 04       		.byte	0x4
 319 004a 07       		.byte	0x7
 320 004b E9060000 		.4byte	.LASF5
 321 004f 02       		.uleb128 0x2
 322 0050 08       		.byte	0x8
 323 0051 05       		.byte	0x5
 324 0052 A0090000 		.4byte	.LASF6
 325 0056 02       		.uleb128 0x2
 326 0057 08       		.byte	0x8
 327 0058 07       		.byte	0x7
 328 0059 E4030000 		.4byte	.LASF7
 329 005d 03       		.uleb128 0x3
 330 005e 04       		.byte	0x4
 331 005f 05       		.byte	0x5
 332 0060 696E7400 		.ascii	"int\000"
 333 0064 02       		.uleb128 0x2
 334 0065 04       		.byte	0x4
 335 0066 07       		.byte	0x7
 336 0067 C1060000 		.4byte	.LASF8
 337 006b 04       		.uleb128 0x4
 338 006c 6B080000 		.4byte	.LASF9
ARM GAS  C:\Users\Jack\AppData\Local\Temp\ccmLm21n.s 			page 12


 339 0070 02       		.byte	0x2
 340 0071 E401     		.2byte	0x1e4
 341 0073 2C000000 		.4byte	0x2c
 342 0077 04       		.uleb128 0x4
 343 0078 88020000 		.4byte	.LASF10
 344 007c 02       		.byte	0x2
 345 007d E501     		.2byte	0x1e5
 346 007f 3A000000 		.4byte	0x3a
 347 0083 02       		.uleb128 0x2
 348 0084 04       		.byte	0x4
 349 0085 04       		.byte	0x4
 350 0086 3E000000 		.4byte	.LASF11
 351 008a 02       		.uleb128 0x2
 352 008b 08       		.byte	0x8
 353 008c 04       		.byte	0x4
 354 008d 59090000 		.4byte	.LASF12
 355 0091 02       		.uleb128 0x2
 356 0092 01       		.byte	0x1
 357 0093 08       		.byte	0x8
 358 0094 4A080000 		.4byte	.LASF13
 359 0098 02       		.uleb128 0x2
 360 0099 04       		.byte	0x4
 361 009a 07       		.byte	0x7
 362 009b 5F010000 		.4byte	.LASF14
 363 009f 02       		.uleb128 0x2
 364 00a0 08       		.byte	0x8
 365 00a1 04       		.byte	0x4
 366 00a2 AD050000 		.4byte	.LASF15
 367 00a6 05       		.uleb128 0x5
 368 00a7 01       		.byte	0x1
 369 00a8 2C000000 		.4byte	0x2c
 370 00ac 03       		.byte	0x3
 371 00ad 3201     		.2byte	0x132
 372 00af 64020000 		.4byte	0x264
 373 00b3 06       		.uleb128 0x6
 374 00b4 F3020000 		.4byte	.LASF16
 375 00b8 00       		.byte	0
 376 00b9 06       		.uleb128 0x6
 377 00ba 22020000 		.4byte	.LASF17
 378 00be 01       		.byte	0x1
 379 00bf 06       		.uleb128 0x6
 380 00c0 170B0000 		.4byte	.LASF18
 381 00c4 02       		.byte	0x2
 382 00c5 06       		.uleb128 0x6
 383 00c6 F2090000 		.4byte	.LASF19
 384 00ca 03       		.byte	0x3
 385 00cb 06       		.uleb128 0x6
 386 00cc 89010000 		.4byte	.LASF20
 387 00d0 04       		.byte	0x4
 388 00d1 06       		.uleb128 0x6
 389 00d2 AE090000 		.4byte	.LASF21
 390 00d6 05       		.byte	0x5
 391 00d7 06       		.uleb128 0x6
 392 00d8 75000000 		.4byte	.LASF22
 393 00dc 06       		.byte	0x6
 394 00dd 06       		.uleb128 0x6
 395 00de 500A0000 		.4byte	.LASF23
ARM GAS  C:\Users\Jack\AppData\Local\Temp\ccmLm21n.s 			page 13


 396 00e2 20       		.byte	0x20
 397 00e3 06       		.uleb128 0x6
 398 00e4 FB060000 		.4byte	.LASF24
 399 00e8 21       		.byte	0x21
 400 00e9 06       		.uleb128 0x6
 401 00ea 1A000000 		.4byte	.LASF25
 402 00ee 22       		.byte	0x22
 403 00ef 06       		.uleb128 0x6
 404 00f0 B7040000 		.4byte	.LASF26
 405 00f4 23       		.byte	0x23
 406 00f5 06       		.uleb128 0x6
 407 00f6 A5060000 		.4byte	.LASF27
 408 00fa 24       		.byte	0x24
 409 00fb 06       		.uleb128 0x6
 410 00fc 27010000 		.4byte	.LASF28
 411 0100 25       		.byte	0x25
 412 0101 06       		.uleb128 0x6
 413 0102 CA090000 		.4byte	.LASF29
 414 0106 26       		.byte	0x26
 415 0107 06       		.uleb128 0x6
 416 0108 46040000 		.4byte	.LASF30
 417 010c 27       		.byte	0x27
 418 010d 06       		.uleb128 0x6
 419 010e C7000000 		.4byte	.LASF31
 420 0112 28       		.byte	0x28
 421 0113 06       		.uleb128 0x6
 422 0114 33070000 		.4byte	.LASF32
 423 0118 29       		.byte	0x29
 424 0119 06       		.uleb128 0x6
 425 011a DC070000 		.4byte	.LASF33
 426 011e 2A       		.byte	0x2a
 427 011f 06       		.uleb128 0x6
 428 0120 10090000 		.4byte	.LASF34
 429 0124 2B       		.byte	0x2b
 430 0125 06       		.uleb128 0x6
 431 0126 8F020000 		.4byte	.LASF35
 432 012a 2C       		.byte	0x2c
 433 012b 06       		.uleb128 0x6
 434 012c 9A030000 		.4byte	.LASF36
 435 0130 2D       		.byte	0x2d
 436 0131 06       		.uleb128 0x6
 437 0132 F9000000 		.4byte	.LASF37
 438 0136 2E       		.byte	0x2e
 439 0137 06       		.uleb128 0x6
 440 0138 F70B0000 		.4byte	.LASF38
 441 013c 2F       		.byte	0x2f
 442 013d 06       		.uleb128 0x6
 443 013e 68010000 		.4byte	.LASF39
 444 0142 30       		.byte	0x30
 445 0143 06       		.uleb128 0x6
 446 0144 89050000 		.4byte	.LASF40
 447 0148 31       		.byte	0x31
 448 0149 06       		.uleb128 0x6
 449 014a C3030000 		.4byte	.LASF41
 450 014e 32       		.byte	0x32
 451 014f 06       		.uleb128 0x6
 452 0150 05080000 		.4byte	.LASF42
ARM GAS  C:\Users\Jack\AppData\Local\Temp\ccmLm21n.s 			page 14


 453 0154 33       		.byte	0x33
 454 0155 06       		.uleb128 0x6
 455 0156 50070000 		.4byte	.LASF43
 456 015a 34       		.byte	0x34
 457 015b 06       		.uleb128 0x6
 458 015c 83090000 		.4byte	.LASF44
 459 0160 35       		.byte	0x35
 460 0161 06       		.uleb128 0x6
 461 0162 FB030000 		.4byte	.LASF45
 462 0166 36       		.byte	0x36
 463 0167 06       		.uleb128 0x6
 464 0168 35020000 		.4byte	.LASF46
 465 016c 37       		.byte	0x37
 466 016d 06       		.uleb128 0x6
 467 016e 8E000000 		.4byte	.LASF47
 468 0172 40       		.byte	0x40
 469 0173 06       		.uleb128 0x6
 470 0174 CE060000 		.4byte	.LASF48
 471 0178 41       		.byte	0x41
 472 0179 06       		.uleb128 0x6
 473 017a 41010000 		.4byte	.LASF49
 474 017e 42       		.byte	0x42
 475 017f 06       		.uleb128 0x6
 476 0180 6A020000 		.4byte	.LASF50
 477 0184 43       		.byte	0x43
 478 0185 06       		.uleb128 0x6
 479 0186 D50A0000 		.4byte	.LASF51
 480 018a 44       		.byte	0x44
 481 018b 06       		.uleb128 0x6
 482 018c 900A0000 		.4byte	.LASF52
 483 0190 45       		.byte	0x45
 484 0191 06       		.uleb128 0x6
 485 0192 F4010000 		.4byte	.LASF53
 486 0196 46       		.byte	0x46
 487 0197 06       		.uleb128 0x6
 488 0198 3A060000 		.4byte	.LASF54
 489 019c 47       		.byte	0x47
 490 019d 06       		.uleb128 0x6
 491 019e 7E060000 		.4byte	.LASF55
 492 01a2 48       		.byte	0x48
 493 01a3 06       		.uleb128 0x6
 494 01a4 81030000 		.4byte	.LASF56
 495 01a8 49       		.byte	0x49
 496 01a9 06       		.uleb128 0x6
 497 01aa 71080000 		.4byte	.LASF57
 498 01ae 4A       		.byte	0x4a
 499 01af 06       		.uleb128 0x6
 500 01b0 B3020000 		.4byte	.LASF58
 501 01b4 4B       		.byte	0x4b
 502 01b5 06       		.uleb128 0x6
 503 01b6 64060000 		.4byte	.LASF59
 504 01ba 4C       		.byte	0x4c
 505 01bb 06       		.uleb128 0x6
 506 01bc DA010000 		.4byte	.LASF60
 507 01c0 4D       		.byte	0x4d
 508 01c1 06       		.uleb128 0x6
 509 01c2 B70A0000 		.4byte	.LASF61
ARM GAS  C:\Users\Jack\AppData\Local\Temp\ccmLm21n.s 			page 15


 510 01c6 4E       		.byte	0x4e
 511 01c7 06       		.uleb128 0x6
 512 01c8 FC050000 		.4byte	.LASF62
 513 01cc 4F       		.byte	0x4f
 514 01cd 06       		.uleb128 0x6
 515 01ce 820B0000 		.4byte	.LASF63
 516 01d2 50       		.byte	0x50
 517 01d3 06       		.uleb128 0x6
 518 01d4 A8000000 		.4byte	.LASF64
 519 01d8 51       		.byte	0x51
 520 01d9 06       		.uleb128 0x6
 521 01da 7E040000 		.4byte	.LASF65
 522 01de 52       		.byte	0x52
 523 01df 06       		.uleb128 0x6
 524 01e0 25040000 		.4byte	.LASF66
 525 01e4 53       		.byte	0x53
 526 01e5 06       		.uleb128 0x6
 527 01e6 D2020000 		.4byte	.LASF67
 528 01ea 54       		.byte	0x54
 529 01eb 06       		.uleb128 0x6
 530 01ec C10B0000 		.4byte	.LASF68
 531 01f0 55       		.byte	0x55
 532 01f1 06       		.uleb128 0x6
 533 01f2 600B0000 		.4byte	.LASF69
 534 01f6 56       		.byte	0x56
 535 01f7 06       		.uleb128 0x6
 536 01f8 370B0000 		.4byte	.LASF70
 537 01fc 57       		.byte	0x57
 538 01fd 06       		.uleb128 0x6
 539 01fe 7D070000 		.4byte	.LASF71
 540 0202 58       		.byte	0x58
 541 0203 06       		.uleb128 0x6
 542 0204 C8050000 		.4byte	.LASF72
 543 0208 70       		.byte	0x70
 544 0209 06       		.uleb128 0x6
 545 020a 2A0A0000 		.4byte	.LASF73
 546 020e 71       		.byte	0x71
 547 020f 06       		.uleb128 0x6
 548 0210 4F080000 		.4byte	.LASF74
 549 0214 72       		.byte	0x72
 550 0215 06       		.uleb128 0x6
 551 0216 0A030000 		.4byte	.LASF75
 552 021a 73       		.byte	0x73
 553 021b 06       		.uleb128 0x6
 554 021c 6B050000 		.4byte	.LASF76
 555 0220 74       		.byte	0x74
 556 0221 06       		.uleb128 0x6
 557 0222 12070000 		.4byte	.LASF77
 558 0226 75       		.byte	0x75
 559 0227 06       		.uleb128 0x6
 560 0228 45030000 		.4byte	.LASF78
 561 022c 76       		.byte	0x76
 562 022d 06       		.uleb128 0x6
 563 022e 0B0A0000 		.4byte	.LASF79
 564 0232 77       		.byte	0x77
 565 0233 06       		.uleb128 0x6
 566 0234 36090000 		.4byte	.LASF80
ARM GAS  C:\Users\Jack\AppData\Local\Temp\ccmLm21n.s 			page 16


 567 0238 78       		.byte	0x78
 568 0239 06       		.uleb128 0x6
 569 023a 60090000 		.4byte	.LASF81
 570 023e 79       		.byte	0x79
 571 023f 06       		.uleb128 0x6
 572 0240 F30A0000 		.4byte	.LASF82
 573 0244 7A       		.byte	0x7a
 574 0245 06       		.uleb128 0x6
 575 0246 2C080000 		.4byte	.LASF83
 576 024a FA       		.byte	0xfa
 577 024b 06       		.uleb128 0x6
 578 024c 1B060000 		.4byte	.LASF84
 579 0250 FB       		.byte	0xfb
 580 0251 06       		.uleb128 0x6
 581 0252 E50B0000 		.4byte	.LASF85
 582 0256 FC       		.byte	0xfc
 583 0257 06       		.uleb128 0x6
 584 0258 C4070000 		.4byte	.LASF86
 585 025c FD       		.byte	0xfd
 586 025d 06       		.uleb128 0x6
 587 025e 290B0000 		.4byte	.LASF87
 588 0262 FF       		.byte	0xff
 589 0263 00       		.byte	0
 590 0264 05       		.uleb128 0x5
 591 0265 01       		.byte	0x1
 592 0266 2C000000 		.4byte	0x2c
 593 026a 03       		.byte	0x3
 594 026b 7D04     		.2byte	0x47d
 595 026d A2020000 		.4byte	0x2a2
 596 0271 06       		.uleb128 0x6
 597 0272 65040000 		.4byte	.LASF88
 598 0276 01       		.byte	0x1
 599 0277 06       		.uleb128 0x6
 600 0278 A3010000 		.4byte	.LASF89
 601 027c 02       		.byte	0x2
 602 027d 06       		.uleb128 0x6
 603 027e 9F040000 		.4byte	.LASF90
 604 0282 03       		.byte	0x3
 605 0283 06       		.uleb128 0x6
 606 0284 C1010000 		.4byte	.LASF91
 607 0288 04       		.byte	0x4
 608 0289 06       		.uleb128 0x6
 609 028a 28030000 		.4byte	.LASF92
 610 028e 05       		.byte	0x5
 611 028f 06       		.uleb128 0x6
 612 0290 740A0000 		.4byte	.LASF93
 613 0294 06       		.byte	0x6
 614 0295 06       		.uleb128 0x6
 615 0296 59000000 		.4byte	.LASF94
 616 029a 07       		.byte	0x7
 617 029b 06       		.uleb128 0x6
 618 029c 00000000 		.4byte	.LASF95
 619 02a0 FF       		.byte	0xff
 620 02a1 00       		.byte	0
 621 02a2 07       		.uleb128 0x7
 622 02a3 9E010000 		.4byte	.LASF96
 623 02a7 01       		.byte	0x1
ARM GAS  C:\Users\Jack\AppData\Local\Temp\ccmLm21n.s 			page 17


 624 02a8 70       		.byte	0x70
 625 02a9 5D000000 		.4byte	0x5d
 626 02ad 00000000 		.4byte	.LFB35
 627 02b1 70000000 		.4byte	.LFE35-.LFB35
 628 02b5 01       		.uleb128 0x1
 629 02b6 9C       		.byte	0x9c
 630 02b7 08       		.uleb128 0x8
 631 02b8 B3070000 		.4byte	.LASF97
 632 02bc 01       		.byte	0x1
 633 02bd BF       		.byte	0xbf
 634 02be 00000000 		.4byte	.LFB36
 635 02c2 68000000 		.4byte	.LFE36-.LFB36
 636 02c6 01       		.uleb128 0x1
 637 02c7 9C       		.byte	0x9c
 638 02c8 09       		.uleb128 0x9
 639 02c9 68070000 		.4byte	.LASF107
 640 02cd 01       		.byte	0x1
 641 02ce F5       		.byte	0xf5
 642 02cf 00000000 		.4byte	.LFB37
 643 02d3 6C000000 		.4byte	.LFE37-.LFB37
 644 02d7 01       		.uleb128 0x1
 645 02d8 9C       		.byte	0x9c
 646 02d9 FD020000 		.4byte	0x2fd
 647 02dd 0A       		.uleb128 0xa
 648 02de 15020000 		.4byte	.LASF98
 649 02e2 01       		.byte	0x1
 650 02e3 F9       		.byte	0xf9
 651 02e4 77000000 		.4byte	0x77
 652 02e8 05       		.uleb128 0x5
 653 02e9 03       		.byte	0x3
 654 02ea 00000000 		.4byte	lastPosition.7605
 655 02ee 0A       		.uleb128 0xa
 656 02ef B9050000 		.4byte	.LASF99
 657 02f3 01       		.byte	0x1
 658 02f4 FC       		.byte	0xfc
 659 02f5 77000000 		.4byte	0x77
 660 02f9 02       		.uleb128 0x2
 661 02fa 91       		.byte	0x91
 662 02fb 6E       		.sleb128 -18
 663 02fc 00       		.byte	0
 664 02fd 0B       		.uleb128 0xb
 665 02fe E9000000 		.4byte	.LASF100
 666 0302 01       		.byte	0x1
 667 0303 52       		.byte	0x52
 668 0304 6B000000 		.4byte	0x6b
 669 0308 0B       		.uleb128 0xb
 670 0309 A10B0000 		.4byte	.LASF101
 671 030d 01       		.byte	0x1
 672 030e 56       		.byte	0x56
 673 030f 6B000000 		.4byte	0x6b
 674 0313 0B       		.uleb128 0xb
 675 0314 44000000 		.4byte	.LASF102
 676 0318 01       		.byte	0x1
 677 0319 59       		.byte	0x59
 678 031a 6B000000 		.4byte	0x6b
 679 031e 0C       		.uleb128 0xc
 680 031f 66030000 		.4byte	.LASF103
ARM GAS  C:\Users\Jack\AppData\Local\Temp\ccmLm21n.s 			page 18


 681 0323 01       		.byte	0x1
 682 0324 5F       		.byte	0x5f
 683 0325 6B000000 		.4byte	0x6b
 684 0329 05       		.uleb128 0x5
 685 032a 03       		.byte	0x3
 686 032b 00000000 		.4byte	initializeCapSenseBaseline
 687 032f 00       		.byte	0
 688              		.section	.debug_abbrev,"",%progbits
 689              	.Ldebug_abbrev0:
 690 0000 01       		.uleb128 0x1
 691 0001 11       		.uleb128 0x11
 692 0002 01       		.byte	0x1
 693 0003 25       		.uleb128 0x25
 694 0004 0E       		.uleb128 0xe
 695 0005 13       		.uleb128 0x13
 696 0006 0B       		.uleb128 0xb
 697 0007 03       		.uleb128 0x3
 698 0008 0E       		.uleb128 0xe
 699 0009 1B       		.uleb128 0x1b
 700 000a 0E       		.uleb128 0xe
 701 000b 55       		.uleb128 0x55
 702 000c 17       		.uleb128 0x17
 703 000d 11       		.uleb128 0x11
 704 000e 01       		.uleb128 0x1
 705 000f 10       		.uleb128 0x10
 706 0010 17       		.uleb128 0x17
 707 0011 00       		.byte	0
 708 0012 00       		.byte	0
 709 0013 02       		.uleb128 0x2
 710 0014 24       		.uleb128 0x24
 711 0015 00       		.byte	0
 712 0016 0B       		.uleb128 0xb
 713 0017 0B       		.uleb128 0xb
 714 0018 3E       		.uleb128 0x3e
 715 0019 0B       		.uleb128 0xb
 716 001a 03       		.uleb128 0x3
 717 001b 0E       		.uleb128 0xe
 718 001c 00       		.byte	0
 719 001d 00       		.byte	0
 720 001e 03       		.uleb128 0x3
 721 001f 24       		.uleb128 0x24
 722 0020 00       		.byte	0
 723 0021 0B       		.uleb128 0xb
 724 0022 0B       		.uleb128 0xb
 725 0023 3E       		.uleb128 0x3e
 726 0024 0B       		.uleb128 0xb
 727 0025 03       		.uleb128 0x3
 728 0026 08       		.uleb128 0x8
 729 0027 00       		.byte	0
 730 0028 00       		.byte	0
 731 0029 04       		.uleb128 0x4
 732 002a 16       		.uleb128 0x16
 733 002b 00       		.byte	0
 734 002c 03       		.uleb128 0x3
 735 002d 0E       		.uleb128 0xe
 736 002e 3A       		.uleb128 0x3a
 737 002f 0B       		.uleb128 0xb
ARM GAS  C:\Users\Jack\AppData\Local\Temp\ccmLm21n.s 			page 19


 738 0030 3B       		.uleb128 0x3b
 739 0031 05       		.uleb128 0x5
 740 0032 49       		.uleb128 0x49
 741 0033 13       		.uleb128 0x13
 742 0034 00       		.byte	0
 743 0035 00       		.byte	0
 744 0036 05       		.uleb128 0x5
 745 0037 04       		.uleb128 0x4
 746 0038 01       		.byte	0x1
 747 0039 0B       		.uleb128 0xb
 748 003a 0B       		.uleb128 0xb
 749 003b 49       		.uleb128 0x49
 750 003c 13       		.uleb128 0x13
 751 003d 3A       		.uleb128 0x3a
 752 003e 0B       		.uleb128 0xb
 753 003f 3B       		.uleb128 0x3b
 754 0040 05       		.uleb128 0x5
 755 0041 01       		.uleb128 0x1
 756 0042 13       		.uleb128 0x13
 757 0043 00       		.byte	0
 758 0044 00       		.byte	0
 759 0045 06       		.uleb128 0x6
 760 0046 28       		.uleb128 0x28
 761 0047 00       		.byte	0
 762 0048 03       		.uleb128 0x3
 763 0049 0E       		.uleb128 0xe
 764 004a 1C       		.uleb128 0x1c
 765 004b 0B       		.uleb128 0xb
 766 004c 00       		.byte	0
 767 004d 00       		.byte	0
 768 004e 07       		.uleb128 0x7
 769 004f 2E       		.uleb128 0x2e
 770 0050 00       		.byte	0
 771 0051 3F       		.uleb128 0x3f
 772 0052 19       		.uleb128 0x19
 773 0053 03       		.uleb128 0x3
 774 0054 0E       		.uleb128 0xe
 775 0055 3A       		.uleb128 0x3a
 776 0056 0B       		.uleb128 0xb
 777 0057 3B       		.uleb128 0x3b
 778 0058 0B       		.uleb128 0xb
 779 0059 49       		.uleb128 0x49
 780 005a 13       		.uleb128 0x13
 781 005b 11       		.uleb128 0x11
 782 005c 01       		.uleb128 0x1
 783 005d 12       		.uleb128 0x12
 784 005e 06       		.uleb128 0x6
 785 005f 40       		.uleb128 0x40
 786 0060 18       		.uleb128 0x18
 787 0061 9642     		.uleb128 0x2116
 788 0063 19       		.uleb128 0x19
 789 0064 00       		.byte	0
 790 0065 00       		.byte	0
 791 0066 08       		.uleb128 0x8
 792 0067 2E       		.uleb128 0x2e
 793 0068 00       		.byte	0
 794 0069 3F       		.uleb128 0x3f
ARM GAS  C:\Users\Jack\AppData\Local\Temp\ccmLm21n.s 			page 20


 795 006a 19       		.uleb128 0x19
 796 006b 03       		.uleb128 0x3
 797 006c 0E       		.uleb128 0xe
 798 006d 3A       		.uleb128 0x3a
 799 006e 0B       		.uleb128 0xb
 800 006f 3B       		.uleb128 0x3b
 801 0070 0B       		.uleb128 0xb
 802 0071 27       		.uleb128 0x27
 803 0072 19       		.uleb128 0x19
 804 0073 11       		.uleb128 0x11
 805 0074 01       		.uleb128 0x1
 806 0075 12       		.uleb128 0x12
 807 0076 06       		.uleb128 0x6
 808 0077 40       		.uleb128 0x40
 809 0078 18       		.uleb128 0x18
 810 0079 9642     		.uleb128 0x2116
 811 007b 19       		.uleb128 0x19
 812 007c 00       		.byte	0
 813 007d 00       		.byte	0
 814 007e 09       		.uleb128 0x9
 815 007f 2E       		.uleb128 0x2e
 816 0080 01       		.byte	0x1
 817 0081 3F       		.uleb128 0x3f
 818 0082 19       		.uleb128 0x19
 819 0083 03       		.uleb128 0x3
 820 0084 0E       		.uleb128 0xe
 821 0085 3A       		.uleb128 0x3a
 822 0086 0B       		.uleb128 0xb
 823 0087 3B       		.uleb128 0x3b
 824 0088 0B       		.uleb128 0xb
 825 0089 27       		.uleb128 0x27
 826 008a 19       		.uleb128 0x19
 827 008b 11       		.uleb128 0x11
 828 008c 01       		.uleb128 0x1
 829 008d 12       		.uleb128 0x12
 830 008e 06       		.uleb128 0x6
 831 008f 40       		.uleb128 0x40
 832 0090 18       		.uleb128 0x18
 833 0091 9642     		.uleb128 0x2116
 834 0093 19       		.uleb128 0x19
 835 0094 01       		.uleb128 0x1
 836 0095 13       		.uleb128 0x13
 837 0096 00       		.byte	0
 838 0097 00       		.byte	0
 839 0098 0A       		.uleb128 0xa
 840 0099 34       		.uleb128 0x34
 841 009a 00       		.byte	0
 842 009b 03       		.uleb128 0x3
 843 009c 0E       		.uleb128 0xe
 844 009d 3A       		.uleb128 0x3a
 845 009e 0B       		.uleb128 0xb
 846 009f 3B       		.uleb128 0x3b
 847 00a0 0B       		.uleb128 0xb
 848 00a1 49       		.uleb128 0x49
 849 00a2 13       		.uleb128 0x13
 850 00a3 02       		.uleb128 0x2
 851 00a4 18       		.uleb128 0x18
ARM GAS  C:\Users\Jack\AppData\Local\Temp\ccmLm21n.s 			page 21


 852 00a5 00       		.byte	0
 853 00a6 00       		.byte	0
 854 00a7 0B       		.uleb128 0xb
 855 00a8 34       		.uleb128 0x34
 856 00a9 00       		.byte	0
 857 00aa 03       		.uleb128 0x3
 858 00ab 0E       		.uleb128 0xe
 859 00ac 3A       		.uleb128 0x3a
 860 00ad 0B       		.uleb128 0xb
 861 00ae 3B       		.uleb128 0x3b
 862 00af 0B       		.uleb128 0xb
 863 00b0 49       		.uleb128 0x49
 864 00b1 13       		.uleb128 0x13
 865 00b2 3F       		.uleb128 0x3f
 866 00b3 19       		.uleb128 0x19
 867 00b4 3C       		.uleb128 0x3c
 868 00b5 19       		.uleb128 0x19
 869 00b6 00       		.byte	0
 870 00b7 00       		.byte	0
 871 00b8 0C       		.uleb128 0xc
 872 00b9 34       		.uleb128 0x34
 873 00ba 00       		.byte	0
 874 00bb 03       		.uleb128 0x3
 875 00bc 0E       		.uleb128 0xe
 876 00bd 3A       		.uleb128 0x3a
 877 00be 0B       		.uleb128 0xb
 878 00bf 3B       		.uleb128 0x3b
 879 00c0 0B       		.uleb128 0xb
 880 00c1 49       		.uleb128 0x49
 881 00c2 13       		.uleb128 0x13
 882 00c3 3F       		.uleb128 0x3f
 883 00c4 19       		.uleb128 0x19
 884 00c5 02       		.uleb128 0x2
 885 00c6 18       		.uleb128 0x18
 886 00c7 00       		.byte	0
 887 00c8 00       		.byte	0
 888 00c9 00       		.byte	0
 889              		.section	.debug_aranges,"",%progbits
 890 0000 2C000000 		.4byte	0x2c
 891 0004 0200     		.2byte	0x2
 892 0006 00000000 		.4byte	.Ldebug_info0
 893 000a 04       		.byte	0x4
 894 000b 00       		.byte	0
 895 000c 0000     		.2byte	0
 896 000e 0000     		.2byte	0
 897 0010 00000000 		.4byte	.LFB35
 898 0014 70000000 		.4byte	.LFE35-.LFB35
 899 0018 00000000 		.4byte	.LFB36
 900 001c 68000000 		.4byte	.LFE36-.LFB36
 901 0020 00000000 		.4byte	.LFB37
 902 0024 6C000000 		.4byte	.LFE37-.LFB37
 903 0028 00000000 		.4byte	0
 904 002c 00000000 		.4byte	0
 905              		.section	.debug_ranges,"",%progbits
 906              	.Ldebug_ranges0:
 907 0000 00000000 		.4byte	.LFB35
 908 0004 70000000 		.4byte	.LFE35
ARM GAS  C:\Users\Jack\AppData\Local\Temp\ccmLm21n.s 			page 22


 909 0008 00000000 		.4byte	.LFB36
 910 000c 68000000 		.4byte	.LFE36
 911 0010 00000000 		.4byte	.LFB37
 912 0014 6C000000 		.4byte	.LFE37
 913 0018 00000000 		.4byte	0
 914 001c 00000000 		.4byte	0
 915              		.section	.debug_line,"",%progbits
 916              	.Ldebug_line0:
 917 0000 BD000000 		.section	.debug_str,"MS",%progbits,1
 917      02005000 
 917      00000201 
 917      FB0E0D00 
 917      01010101 
 918              	.LASF95:
 919 0000 4359424C 		.ascii	"CYBLE_BLESS_STATE_INVALID\000"
 919      455F424C 
 919      4553535F 
 919      53544154 
 919      455F494E 
 920              	.LASF25:
 921 001a 4359424C 		.ascii	"CYBLE_EVT_GAP_PASSKEY_ENTRY_REQUEST\000"
 921      455F4556 
 921      545F4741 
 921      505F5041 
 921      53534B45 
 922              	.LASF11:
 923 003e 666C6F61 		.ascii	"float\000"
 923      7400
 924              	.LASF102:
 925 0044 72657374 		.ascii	"restartAdvertisement\000"
 925      61727441 
 925      64766572 
 925      74697365 
 925      6D656E74 
 926              	.LASF94:
 927 0059 4359424C 		.ascii	"CYBLE_BLESS_STATE_HIBERNATE\000"
 927      455F424C 
 927      4553535F 
 927      53544154 
 927      455F4849 
 928              	.LASF22:
 929 0075 4359424C 		.ascii	"CYBLE_EVT_MEMORY_REQUEST\000"
 929      455F4556 
 929      545F4D45 
 929      4D4F5259 
 929      5F524551 
 930              	.LASF47:
 931 008e 4359424C 		.ascii	"CYBLE_EVT_GATTC_ERROR_RSP\000"
 931      455F4556 
 931      545F4741 
 931      5454435F 
 931      4552524F 
 932              	.LASF64:
 933 00a8 4359424C 		.ascii	"CYBLE_EVT_GATTC_EXEC_WRITE_RSP\000"
 933      455F4556 
 933      545F4741 
 933      5454435F 
ARM GAS  C:\Users\Jack\AppData\Local\Temp\ccmLm21n.s 			page 23


 933      45584543 
 934              	.LASF31:
 935 00c7 4359424C 		.ascii	"CYBLE_EVT_GAP_DEVICE_DISCONNECTED\000"
 935      455F4556 
 935      545F4741 
 935      505F4445 
 935      56494345 
 936              	.LASF100:
 937 00e9 64657669 		.ascii	"deviceConnected\000"
 937      6365436F 
 937      6E6E6563 
 937      74656400 
 938              	.LASF37:
 939 00f9 4359424C 		.ascii	"CYBLE_EVT_GAP_KEYPRESS_NOTIFICATION\000"
 939      455F4556 
 939      545F4741 
 939      505F4B45 
 939      59505245 
 940              	.LASF2:
 941 011d 73686F72 		.ascii	"short int\000"
 941      7420696E 
 941      7400
 942              	.LASF28:
 943 0127 4359424C 		.ascii	"CYBLE_EVT_GAP_AUTH_FAILED\000"
 943      455F4556 
 943      545F4741 
 943      505F4155 
 943      54485F46 
 944              	.LASF49:
 945 0141 4359424C 		.ascii	"CYBLE_EVT_GATT_DISCONNECT_IND\000"
 945      455F4556 
 945      545F4741 
 945      54545F44 
 945      4953434F 
 946              	.LASF14:
 947 015f 73697A65 		.ascii	"sizetype\000"
 947      74797065 
 947      00
 948              	.LASF39:
 949 0168 4359424C 		.ascii	"CYBLE_EVT_GAP_DATA_LENGTH_CHANGE\000"
 949      455F4556 
 949      545F4741 
 949      505F4441 
 949      54415F4C 
 950              	.LASF20:
 951 0189 4359424C 		.ascii	"CYBLE_EVT_HCI_STATUS\000"
 951      455F4556 
 951      545F4843 
 951      495F5354 
 951      41545553 
 952              	.LASF96:
 953 019e 6D61696E 		.ascii	"main\000"
 953      00
 954              	.LASF89:
 955 01a3 4359424C 		.ascii	"CYBLE_BLESS_STATE_EVENT_CLOSE\000"
 955      455F424C 
 955      4553535F 
ARM GAS  C:\Users\Jack\AppData\Local\Temp\ccmLm21n.s 			page 24


 955      53544154 
 955      455F4556 
 956              	.LASF91:
 957 01c1 4359424C 		.ascii	"CYBLE_BLESS_STATE_ECO_ON\000"
 957      455F424C 
 957      4553535F 
 957      53544154 
 957      455F4543 
 958              	.LASF60:
 959 01da 4359424C 		.ascii	"CYBLE_EVT_GATTC_WRITE_RSP\000"
 959      455F4556 
 959      545F4741 
 959      5454435F 
 959      57524954 
 960              	.LASF53:
 961 01f4 4359424C 		.ascii	"CYBLE_EVT_GATTC_READ_BY_TYPE_RSP\000"
 961      455F4556 
 961      545F4741 
 961      5454435F 
 961      52454144 
 962              	.LASF98:
 963 0215 6C617374 		.ascii	"lastPosition\000"
 963      506F7369 
 963      74696F6E 
 963      00
 964              	.LASF17:
 965 0222 4359424C 		.ascii	"CYBLE_EVT_STACK_ON\000"
 965      455F4556 
 965      545F5354 
 965      41434B5F 
 965      4F4E00
 966              	.LASF46:
 967 0235 4359424C 		.ascii	"CYBLE_EVT_GAP_SMP_LOC_P256_KEYS_GEN_AND_SET_COMPLET"
 967      455F4556 
 967      545F4741 
 967      505F534D 
 967      505F4C4F 
 968 0268 4500     		.ascii	"E\000"
 969              	.LASF50:
 970 026a 4359424C 		.ascii	"CYBLE_EVT_GATTS_XCNHG_MTU_REQ\000"
 970      455F4556 
 970      545F4741 
 970      5454535F 
 970      58434E48 
 971              	.LASF10:
 972 0288 75696E74 		.ascii	"uint16\000"
 972      313600
 973              	.LASF35:
 974 028f 4359424C 		.ascii	"CYBLE_EVT_GAP_KEYINFO_EXCHNGE_CMPLT\000"
 974      455F4556 
 974      545F4741 
 974      505F4B45 
 974      59494E46 
 975              	.LASF58:
 976 02b3 4359424C 		.ascii	"CYBLE_EVT_GATTC_READ_MULTI_RSP\000"
 976      455F4556 
 976      545F4741 
ARM GAS  C:\Users\Jack\AppData\Local\Temp\ccmLm21n.s 			page 25


 976      5454435F 
 976      52454144 
 977              	.LASF67:
 978 02d2 4359424C 		.ascii	"CYBLE_EVT_GATTS_HANDLE_VALUE_CNF\000"
 978      455F4556 
 978      545F4741 
 978      5454535F 
 978      48414E44 
 979              	.LASF16:
 980 02f3 4359424C 		.ascii	"CYBLE_EVT_HOST_INVALID\000"
 980      455F4556 
 980      545F484F 
 980      53545F49 
 980      4E56414C 
 981              	.LASF75:
 982 030a 4359424C 		.ascii	"CYBLE_EVT_L2CAP_CBFC_CONN_IND\000"
 982      455F4556 
 982      545F4C32 
 982      4341505F 
 982      43424643 
 983              	.LASF92:
 984 0328 4359424C 		.ascii	"CYBLE_BLESS_STATE_ECO_STABLE\000"
 984      455F424C 
 984      4553535F 
 984      53544154 
 984      455F4543 
 985              	.LASF78:
 986 0345 4359424C 		.ascii	"CYBLE_EVT_L2CAP_CBFC_DISCONN_CNF\000"
 986      455F4556 
 986      545F4C32 
 986      4341505F 
 986      43424643 
 987              	.LASF103:
 988 0366 696E6974 		.ascii	"initializeCapSenseBaseline\000"
 988      69616C69 
 988      7A654361 
 988      7053656E 
 988      73654261 
 989              	.LASF56:
 990 0381 4359424C 		.ascii	"CYBLE_EVT_GATTC_READ_RSP\000"
 990      455F4556 
 990      545F4741 
 990      5454435F 
 990      52454144 
 991              	.LASF36:
 992 039a 4359424C 		.ascii	"CYBLE_EVT_GAP_NUMERIC_COMPARISON_REQUEST\000"
 992      455F4556 
 992      545F4741 
 992      505F4E55 
 992      4D455249 
 993              	.LASF41:
 994 03c3 4359424C 		.ascii	"CYBLE_EVT_GAPC_DIRECT_ADV_REPORT\000"
 994      455F4556 
 994      545F4741 
 994      50435F44 
 994      49524543 
 995              	.LASF7:
ARM GAS  C:\Users\Jack\AppData\Local\Temp\ccmLm21n.s 			page 26


 996 03e4 6C6F6E67 		.ascii	"long long unsigned int\000"
 996      206C6F6E 
 996      6720756E 
 996      7369676E 
 996      65642069 
 997              	.LASF45:
 998 03fb 4359424C 		.ascii	"CYBLE_EVT_GAP_AUTH_REQ_REPLY_ERR\000"
 998      455F4556 
 998      545F4741 
 998      505F4155 
 998      54485F52 
 999              	.LASF4:
 1000 041c 6C6F6E67 		.ascii	"long int\000"
 1000      20696E74 
 1000      00
 1001              	.LASF66:
 1002 0425 4359424C 		.ascii	"CYBLE_EVT_GATTC_HANDLE_VALUE_IND\000"
 1002      455F4556 
 1002      545F4741 
 1002      5454435F 
 1002      48414E44 
 1003              	.LASF30:
 1004 0446 4359424C 		.ascii	"CYBLE_EVT_GAP_DEVICE_CONNECTED\000"
 1004      455F4556 
 1004      545F4741 
 1004      505F4445 
 1004      56494345 
 1005              	.LASF88:
 1006 0465 4359424C 		.ascii	"CYBLE_BLESS_STATE_ACTIVE\000"
 1006      455F424C 
 1006      4553535F 
 1006      53544154 
 1006      455F4143 
 1007              	.LASF65:
 1008 047e 4359424C 		.ascii	"CYBLE_EVT_GATTC_HANDLE_VALUE_NTF\000"
 1008      455F4556 
 1008      545F4741 
 1008      5454435F 
 1008      48414E44 
 1009              	.LASF90:
 1010 049f 4359424C 		.ascii	"CYBLE_BLESS_STATE_SLEEP\000"
 1010      455F424C 
 1010      4553535F 
 1010      53544154 
 1010      455F534C 
 1011              	.LASF26:
 1012 04b7 4359424C 		.ascii	"CYBLE_EVT_GAP_PASSKEY_DISPLAY_REQUEST\000"
 1012      455F4556 
 1012      545F4741 
 1012      505F5041 
 1012      53534B45 
 1013              	.LASF104:
 1014 04dd 474E5520 		.ascii	"GNU C11 5.4.1 20160609 (release) [ARM/embedded-5-br"
 1014      43313120 
 1014      352E342E 
 1014      31203230 
 1014      31363036 
ARM GAS  C:\Users\Jack\AppData\Local\Temp\ccmLm21n.s 			page 27


 1015 0510 616E6368 		.ascii	"anch revision 237715] -mcpu=cortex-m0 -mthumb -g -O"
 1015      20726576 
 1015      6973696F 
 1015      6E203233 
 1015      37373135 
 1016 0543 30202D66 		.ascii	"0 -ffunction-sections -ffat-lto-objects\000"
 1016      66756E63 
 1016      74696F6E 
 1016      2D736563 
 1016      74696F6E 
 1017              	.LASF76:
 1018 056b 4359424C 		.ascii	"CYBLE_EVT_L2CAP_CBFC_CONN_CNF\000"
 1018      455F4556 
 1018      545F4C32 
 1018      4341505F 
 1018      43424643 
 1019              	.LASF40:
 1020 0589 4359424C 		.ascii	"CYBLE_EVT_GAP_ENHANCE_CONN_COMPLETE\000"
 1020      455F4556 
 1020      545F4741 
 1020      505F454E 
 1020      48414E43 
 1021              	.LASF15:
 1022 05ad 6C6F6E67 		.ascii	"long double\000"
 1022      20646F75 
 1022      626C6500 
 1023              	.LASF99:
 1024 05b9 736C6964 		.ascii	"sliderPosition\000"
 1024      6572506F 
 1024      73697469 
 1024      6F6E00
 1025              	.LASF72:
 1026 05c8 4359424C 		.ascii	"CYBLE_EVT_L2CAP_CONN_PARAM_UPDATE_REQ\000"
 1026      455F4556 
 1026      545F4C32 
 1026      4341505F 
 1026      434F4E4E 
 1027              	.LASF1:
 1028 05ee 756E7369 		.ascii	"unsigned char\000"
 1028      676E6564 
 1028      20636861 
 1028      7200
 1029              	.LASF62:
 1030 05fc 4359424C 		.ascii	"CYBLE_EVT_GATTS_PREP_WRITE_REQ\000"
 1030      455F4556 
 1030      545F4741 
 1030      5454535F 
 1030      50524550 
 1031              	.LASF84:
 1032 061b 4359424C 		.ascii	"CYBLE_EVT_LE_PING_AUTH_TIMEOUT\000"
 1032      455F4556 
 1032      545F4C45 
 1032      5F50494E 
 1032      475F4155 
 1033              	.LASF54:
 1034 063a 4359424C 		.ascii	"CYBLE_EVT_GATTC_FIND_INFO_RSP\000"
 1034      455F4556 
ARM GAS  C:\Users\Jack\AppData\Local\Temp\ccmLm21n.s 			page 28


 1034      545F4741 
 1034      5454435F 
 1034      46494E44 
 1035              	.LASF0:
 1036 0658 7369676E 		.ascii	"signed char\000"
 1036      65642063 
 1036      68617200 
 1037              	.LASF59:
 1038 0664 4359424C 		.ascii	"CYBLE_EVT_GATTS_WRITE_REQ\000"
 1038      455F4556 
 1038      545F4741 
 1038      5454535F 
 1038      57524954 
 1039              	.LASF55:
 1040 067e 4359424C 		.ascii	"CYBLE_EVT_GATTC_FIND_BY_TYPE_VALUE_RSP\000"
 1040      455F4556 
 1040      545F4741 
 1040      5454435F 
 1040      46494E44 
 1041              	.LASF27:
 1042 06a5 4359424C 		.ascii	"CYBLE_EVT_GAP_AUTH_COMPLETE\000"
 1042      455F4556 
 1042      545F4741 
 1042      505F4155 
 1042      54485F43 
 1043              	.LASF8:
 1044 06c1 756E7369 		.ascii	"unsigned int\000"
 1044      676E6564 
 1044      20696E74 
 1044      00
 1045              	.LASF48:
 1046 06ce 4359424C 		.ascii	"CYBLE_EVT_GATT_CONNECT_IND\000"
 1046      455F4556 
 1046      545F4741 
 1046      54545F43 
 1046      4F4E4E45 
 1047              	.LASF5:
 1048 06e9 6C6F6E67 		.ascii	"long unsigned int\000"
 1048      20756E73 
 1048      69676E65 
 1048      6420696E 
 1048      7400
 1049              	.LASF24:
 1050 06fb 4359424C 		.ascii	"CYBLE_EVT_GAP_AUTH_REQ\000"
 1050      455F4556 
 1050      545F4741 
 1050      505F4155 
 1050      54485F52 
 1051              	.LASF77:
 1052 0712 4359424C 		.ascii	"CYBLE_EVT_L2CAP_CBFC_DISCONN_IND\000"
 1052      455F4556 
 1052      545F4C32 
 1052      4341505F 
 1052      43424643 
 1053              	.LASF32:
 1054 0733 4359424C 		.ascii	"CYBLE_EVT_GAP_ENCRYPT_CHANGE\000"
 1054      455F4556 
ARM GAS  C:\Users\Jack\AppData\Local\Temp\ccmLm21n.s 			page 29


 1054      545F4741 
 1054      505F454E 
 1054      43525950 
 1055              	.LASF43:
 1056 0750 4359424C 		.ascii	"CYBLE_EVT_GAP_CONN_ESTB\000"
 1056      455F4556 
 1056      545F4741 
 1056      505F434F 
 1056      4E4E5F45 
 1057              	.LASF107:
 1058 0768 48616E64 		.ascii	"HandleCapSenseSlider\000"
 1058      6C654361 
 1058      7053656E 
 1058      7365536C 
 1058      69646572 
 1059              	.LASF71:
 1060 077d 4359424C 		.ascii	"CYBLE_EVT_GATTC_LONG_PROCEDURE_END\000"
 1060      455F4556 
 1060      545F4741 
 1060      5454435F 
 1060      4C4F4E47 
 1061              	.LASF3:
 1062 07a0 73686F72 		.ascii	"short unsigned int\000"
 1062      7420756E 
 1062      7369676E 
 1062      65642069 
 1062      6E7400
 1063              	.LASF97:
 1064 07b3 496E6974 		.ascii	"InitializeSystem\000"
 1064      69616C69 
 1064      7A655379 
 1064      7374656D 
 1064      00
 1065              	.LASF86:
 1066 07c4 4359424C 		.ascii	"CYBLE_EVT_FLASH_CORRUPT\000"
 1066      455F4556 
 1066      545F464C 
 1066      4153485F 
 1066      434F5252 
 1067              	.LASF33:
 1068 07dc 4359424C 		.ascii	"CYBLE_EVT_GAP_CONNECTION_UPDATE_COMPLETE\000"
 1068      455F4556 
 1068      545F4741 
 1068      505F434F 
 1068      4E4E4543 
 1069              	.LASF42:
 1070 0805 4359424C 		.ascii	"CYBLE_EVT_GAP_SMP_NEGOTIATED_AUTH_INFO\000"
 1070      455F4556 
 1070      545F4741 
 1070      505F534D 
 1070      505F4E45 
 1071              	.LASF83:
 1072 082c 4359424C 		.ascii	"CYBLE_EVT_PENDING_FLASH_WRITE\000"
 1072      455F4556 
 1072      545F5045 
 1072      4E44494E 
 1072      475F464C 
ARM GAS  C:\Users\Jack\AppData\Local\Temp\ccmLm21n.s 			page 30


 1073              	.LASF13:
 1074 084a 63686172 		.ascii	"char\000"
 1074      00
 1075              	.LASF74:
 1076 084f 4359424C 		.ascii	"CYBLE_EVT_L2CAP_COMMAND_REJ\000"
 1076      455F4556 
 1076      545F4C32 
 1076      4341505F 
 1076      434F4D4D 
 1077              	.LASF9:
 1078 086b 75696E74 		.ascii	"uint8\000"
 1078      3800
 1079              	.LASF57:
 1080 0871 4359424C 		.ascii	"CYBLE_EVT_GATTC_READ_BLOB_RSP\000"
 1080      455F4556 
 1080      545F4741 
 1080      5454435F 
 1080      52454144 
 1081              	.LASF106:
 1082 088f 433A5C55 		.ascii	"C:\\Users\\Jack\\Documents\\PSoC Creator\\LED capse"
 1082      73657273 
 1082      5C4A6163 
 1082      6B5C446F 
 1082      63756D65 
 1083 08bd 6E736520 		.ascii	"nse slider\\PSoC_4_BLE_CapSense_Slider_LED01\\PSoC_"
 1083      736C6964 
 1083      65725C50 
 1083      536F435F 
 1083      345F424C 
 1084 08ee 345F424C 		.ascii	"4_BLE_CapSense_Slider_LED01.cydsn\000"
 1084      455F4361 
 1084      7053656E 
 1084      73655F53 
 1084      6C696465 
 1085              	.LASF34:
 1086 0910 4359424C 		.ascii	"CYBLE_EVT_GAPC_SCAN_START_STOP\000"
 1086      455F4556 
 1086      545F4741 
 1086      50435F53 
 1086      43414E5F 
 1087              	.LASF105:
 1088 092f 6D61696E 		.ascii	"main.c\000"
 1088      2E6300
 1089              	.LASF80:
 1090 0936 4359424C 		.ascii	"CYBLE_EVT_L2CAP_CBFC_RX_CREDIT_IND\000"
 1090      455F4556 
 1090      545F4C32 
 1090      4341505F 
 1090      43424643 
 1091              	.LASF12:
 1092 0959 646F7562 		.ascii	"double\000"
 1092      6C6500
 1093              	.LASF81:
 1094 0960 4359424C 		.ascii	"CYBLE_EVT_L2CAP_CBFC_TX_CREDIT_IND\000"
 1094      455F4556 
 1094      545F4C32 
 1094      4341505F 
ARM GAS  C:\Users\Jack\AppData\Local\Temp\ccmLm21n.s 			page 31


 1094      43424643 
 1095              	.LASF44:
 1096 0983 4359424C 		.ascii	"CYBLE_EVT_GAP_SCAN_REQ_RECVD\000"
 1096      455F4556 
 1096      545F4741 
 1096      505F5343 
 1096      414E5F52 
 1097              	.LASF6:
 1098 09a0 6C6F6E67 		.ascii	"long long int\000"
 1098      206C6F6E 
 1098      6720696E 
 1098      7400
 1099              	.LASF21:
 1100 09ae 4359424C 		.ascii	"CYBLE_EVT_STACK_BUSY_STATUS\000"
 1100      455F4556 
 1100      545F5354 
 1100      41434B5F 
 1100      42555359 
 1101              	.LASF29:
 1102 09ca 4359424C 		.ascii	"CYBLE_EVT_GAPP_ADVERTISEMENT_START_STOP\000"
 1102      455F4556 
 1102      545F4741 
 1102      50505F41 
 1102      44564552 
 1103              	.LASF19:
 1104 09f2 4359424C 		.ascii	"CYBLE_EVT_HARDWARE_ERROR\000"
 1104      455F4556 
 1104      545F4841 
 1104      52445741 
 1104      52455F45 
 1105              	.LASF79:
 1106 0a0b 4359424C 		.ascii	"CYBLE_EVT_L2CAP_CBFC_DATA_READ\000"
 1106      455F4556 
 1106      545F4C32 
 1106      4341505F 
 1106      43424643 
 1107              	.LASF73:
 1108 0a2a 4359424C 		.ascii	"CYBLE_EVT_L2CAP_CONN_PARAM_UPDATE_RSP\000"
 1108      455F4556 
 1108      545F4C32 
 1108      4341505F 
 1108      434F4E4E 
 1109              	.LASF23:
 1110 0a50 4359424C 		.ascii	"CYBLE_EVT_GAPC_SCAN_PROGRESS_RESULT\000"
 1110      455F4556 
 1110      545F4741 
 1110      50435F53 
 1110      43414E5F 
 1111              	.LASF93:
 1112 0a74 4359424C 		.ascii	"CYBLE_BLESS_STATE_DEEPSLEEP\000"
 1112      455F424C 
 1112      4553535F 
 1112      53544154 
 1112      455F4445 
 1113              	.LASF52:
 1114 0a90 4359424C 		.ascii	"CYBLE_EVT_GATTC_READ_BY_GROUP_TYPE_RSP\000"
 1114      455F4556 
ARM GAS  C:\Users\Jack\AppData\Local\Temp\ccmLm21n.s 			page 32


 1114      545F4741 
 1114      5454435F 
 1114      52454144 
 1115              	.LASF61:
 1116 0ab7 4359424C 		.ascii	"CYBLE_EVT_GATTS_WRITE_CMD_REQ\000"
 1116      455F4556 
 1116      545F4741 
 1116      5454535F 
 1116      57524954 
 1117              	.LASF51:
 1118 0ad5 4359424C 		.ascii	"CYBLE_EVT_GATTC_XCHNG_MTU_RSP\000"
 1118      455F4556 
 1118      545F4741 
 1118      5454435F 
 1118      5843484E 
 1119              	.LASF82:
 1120 0af3 4359424C 		.ascii	"CYBLE_EVT_L2CAP_CBFC_DATA_WRITE_IND\000"
 1120      455F4556 
 1120      545F4C32 
 1120      4341505F 
 1120      43424643 
 1121              	.LASF18:
 1122 0b17 4359424C 		.ascii	"CYBLE_EVT_TIMEOUT\000"
 1122      455F4556 
 1122      545F5449 
 1122      4D454F55 
 1122      5400
 1123              	.LASF87:
 1124 0b29 4359424C 		.ascii	"CYBLE_EVT_MAX\000"
 1124      455F4556 
 1124      545F4D41 
 1124      5800
 1125              	.LASF70:
 1126 0b37 4359424C 		.ascii	"CYBLE_EVT_GATTS_READ_CHAR_VAL_ACCESS_REQ\000"
 1126      455F4556 
 1126      545F4741 
 1126      5454535F 
 1126      52454144 
 1127              	.LASF69:
 1128 0b60 4359424C 		.ascii	"CYBLE_EVT_GATTC_STOP_CMD_COMPLETE\000"
 1128      455F4556 
 1128      545F4741 
 1128      5454435F 
 1128      53544F50 
 1129              	.LASF63:
 1130 0b82 4359424C 		.ascii	"CYBLE_EVT_GATTS_EXEC_WRITE_REQ\000"
 1130      455F4556 
 1130      545F4741 
 1130      5454535F 
 1130      45584543 
 1131              	.LASF101:
 1132 0ba1 73656E64 		.ascii	"sendCapSenseSliderNotifications\000"
 1132      43617053 
 1132      656E7365 
 1132      536C6964 
 1132      65724E6F 
 1133              	.LASF68:
ARM GAS  C:\Users\Jack\AppData\Local\Temp\ccmLm21n.s 			page 33


 1134 0bc1 4359424C 		.ascii	"CYBLE_EVT_GATTS_DATA_SIGNED_CMD_REQ\000"
 1134      455F4556 
 1134      545F4741 
 1134      5454535F 
 1134      44415441 
 1135              	.LASF85:
 1136 0be5 4359424C 		.ascii	"CYBLE_EVT_HCI_PKT\000"
 1136      455F4556 
 1136      545F4843 
 1136      495F504B 
 1136      5400
 1137              	.LASF38:
 1138 0bf7 4359424C 		.ascii	"CYBLE_EVT_GAP_OOB_GENERATED_NOTIFICATION\000"
 1138      455F4556 
 1138      545F4741 
 1138      505F4F4F 
 1138      425F4745 
 1139              		.ident	"GCC: (GNU Tools for ARM Embedded Processors) 5.4.1 20160609 (release) [ARM/embedded-5-bran
